<?xml version="1.0" encoding="UTF-8" standalone="no"?>
<testsuite errors="0" failures="4" name="io.cucumber.core.plugin.JUnitFormatter" skipped="0" tests="4" time="0.379">
    <testcase classname="Blue 365 Benefits home page navigation" name="Register with Blue365" time="0.088">
        <failure message="The scenario has pending or undefined step(s)" type="java.lang.Exception"><![CDATA[Given I am at BCBS home page................................................undefined
And I use the mouse over Member Services....................................skipped
And I click on Visit Blue Benefits..........................................skipped
And I click on join.........................................................skipped
And I enter 3-digit characters in your member ID card"k5f"..................skipped
And I click on Check your eligibility.......................................skipped
And I enter my information..................................................skipped
And I selectPlan............................................................skipped
And I click on submit button................................................skipped
Then I verify Thank you message after for register..........................skipped
]]></failure>
    </testcase>
    <testcase classname="Unknown" name="How Blue 365 work functionality" time="0.009">
        <failure message="The scenario has pending or undefined step(s)" type="java.lang.Exception"><![CDATA[Given I am at BCBS home page................................................undefined
And I use the mouse over Member Services....................................skipped
And I click on Visit Blue Benefits..........................................skipped
When I click on about Blue365...............................................skipped
And I click on how Blue365 works............................................skipped
Then I verify the employee home page........................................skipped
]]></failure>
    </testcase>
    <testcase classname="Unknown" name="Employees register for an upcoming demo" time="0.005">
        <failure message="The scenario has pending or undefined step(s)" type="java.lang.Exception"><![CDATA[Given I am at BCBS home page................................................undefined
And I use the mouse over Member Services....................................skipped
And I click on Visit Blue Benefits..........................................skipped
And I click on register for a demo..........................................skipped
When I enter my information in the field....................................skipped
And I enter number of employees.............................................skipped
And I Select BCBS Plan......................................................skipped
And I select Webinar Dates..................................................skipped
And I click on I agree to the policy........................................skipped
And I participate in Amazon gift cart.......................................skipped
And I click on register button..............................................skipped
Then I verify my registration...............................................skipped
]]></failure>
    </testcase>
    <testcase classname="Unknown" name="employee will be able to try Blue365 for Employers Demo." time="0.003">
        <failure message="The scenario has pending or undefined step(s)" type="java.lang.Exception"><![CDATA[Given I am at BCBS home page................................................undefined
And I use the mouse over Member Services....................................skipped
And I click on Visit Blue Benefits..........................................skipped
When I Scroll down to how Blue365 works.....................................skipped
And i click on the video....................................................skipped
Then I should be able to see the video playing..............................skipped
]]></failure>
    </testcase>
</testsuite>
