<?xml version="1.0" encoding="UTF-8" standalone="no"?>
<testsuite errors="0" failures="0" name="io.cucumber.core.plugin.JUnitFormatter" skipped="0" tests="21" time="1.447">
    <testcase classname="User is able to use all functions of the BCBS Homepage" name="User is able to access the contact us from header" time="0.174">
        <system-out>
            <![CDATA[Given User is at the home page..............................................passed
When User clicks on Contact us..............................................passed
Then User is redirected to Contact Us page..................................passed
And User verfiyies the customer call center phone number....................passed
]]>
        </system-out>
    </testcase>
    <testcase classname="User is able to use all functions of the BCBS Homepage" name="User is able use the search functionality" time="0">
        <system-out>
            <![CDATA[Given User is at the home page..............................................passed
When user enters "Breast Cancer" in the search box and presses Enter........passed
Then user is on a page with appropriate "https://www.bcbs.com/search/Breast%20Cancer" page.passed
And user can clear the search box and search for another topic..............passed
]]>
        </system-out>
    </testcase>
    <testcase classname="User is able to use all functions of the BCBS Homepage" name="User is able use the search functionality 2" time="0">
        <system-out>
            <![CDATA[Given User is at the home page..............................................passed
When user enters "Mental Health" in the search box and presses Enter........passed
Then user is on a page with appropriate "https://www.bcbs.com/search/Mental%20Health" page.passed
And user can clear the search box and search for another topic..............passed
]]>
        </system-out>
    </testcase>
    <testcase classname="User is able to use all functions of the BCBS Homepage" name="User is able use the search functionality 3" time="0.015">
        <system-out>
            <![CDATA[Given User is at the home page..............................................passed
When user enters "New insurance Card" in the search box and presses Enter...passed
Then user is on a page with appropriate "https://www.bcbs.com/search/New%20insurance%20Card" page.passed
And user can clear the search box and search for another topic..............passed
]]>
        </system-out>
    </testcase>
    <testcase classname="User is able to use all functions of the BCBS Homepage" name="User browses The Health of America page" time="0">
        <system-out>
            <![CDATA[Given User is at the home page..............................................passed
When user clicks on Health of America Button................................passed
Then user is on a page with appropriate "https://www.bcbs.com/the-health-of-america" page.passed
And user verifies the page "The Health of America | Blue Cross Blue Shield".passed
]]>
        </system-out>
    </testcase>
    <testcase classname="User is able to use all functions of the BCBS Homepage" name="User browses Member services page" time="0.015">
        <system-out>
            <![CDATA[Given User is at the home page..............................................passed
When user clicks on Member services Button..................................passed
Then user is on a page with appropriate "https://www.bcbs.com/member-services" link.passed
And user verifies the page "Member Services | Blue Cross Blue Shield".......passed
]]>
        </system-out>
    </testcase>
    <testcase classname="User is able to use all functions of the BCBS Homepage" name="User searches for local BCBS branch to issue card" time="0">
        <system-out>
            <![CDATA[Given User is at the home page..............................................passed
When user clicks on Member services Button..................................passed
And user clicks on - I don't have my member ID Card.........................passed
And user inputs zipcode "49120".............................................passed
And user clicks go..........................................................passed
Then User verifies the message header says "The following Blue Cross and Blue Shield companies serve members in the 49120 zip code.".passed
]]>
        </system-out>
    </testcase>
    <testcase classname="User is able to use all functions of the BCBS Homepage" name="User searches for local BCBS branch to issue card 2" time="0">
        <system-out>
            <![CDATA[Given User is at the home page..............................................passed
When user clicks on Member services Button..................................passed
And user clicks on - I don't have my member ID Card.........................passed
And user inputs zipcode "90013".............................................passed
And user clicks go..........................................................passed
Then User verifies the message header says "The following Blue Cross and Blue Shield companies serve members in the 90013 zip code.".passed
]]>
        </system-out>
    </testcase>
    <testcase classname="User is able to use all functions of the BCBS Homepage" name="User searches for local BCBS branch to issue card 3" time="0">
        <system-out>
            <![CDATA[Given User is at the home page..............................................passed
When user clicks on Member services Button..................................passed
And user clicks on - I don't have my member ID Card.........................passed
And user inputs zipcode "11201".............................................passed
And user clicks go..........................................................passed
Then User verifies the message header says "The following Blue Cross and Blue Shield companies serve members in the 11201 zip code.".passed
]]>
        </system-out>
    </testcase>
    <testcase classname="User is able to use all functions of the BCBS Homepage" name="User searches for local BCBS branch to issue card 4" time="0.015">
        <system-out>
            <![CDATA[Given User is at the home page..............................................passed
When user clicks on Member services Button..................................passed
And user clicks on - I don't have my member ID Card.........................passed
And user inputs zipcode "75001".............................................passed
And user clicks go..........................................................passed
Then User verifies the message header says "The following Blue Cross and Blue Shield companies serve members in the 75001 zip code.".passed
]]>
        </system-out>
    </testcase>
    <testcase classname="User is able to use all functions of the BCBS Homepage" name="User clicks the BCBS Logo on the top left to return to &quot;health of america&quot; page" time="0.015">
        <system-out>
            <![CDATA[Given User is at the home page..............................................passed
When user clicks on Health of America Button................................passed
And user scroll down to the bottom of the page..............................passed
And user clicks on BCBS Health Index Map....................................passed
And user clicks on the BCBS logo at the top left............................passed
Then user is redirected back to page with link : "https://www.bcbs.com/the-health-of-america".passed
And user also verifies the page title is "The Health of America | Blue Cross Blue Shield".passed
]]>
        </system-out>
    </testcase>
    <testcase classname="User is able to use all functions of the BCBS Homepage" name="Clicking the logo on contact-us page will redirect to homepage" time="0.015">
        <system-out>
            <![CDATA[Given User is at the home page..............................................passed
When user scroll down to the bottom of the page.............................passed
And user clicks on contact-us...............................................passed
And user clicks on the BCBS logo at the top left............................passed
Then user is redirected back to page with link : "https://www.bcbs.com/"....passed
And user also verifies the page title is "Blue Cross Blue Shield"...........passed
]]>
        </system-out>
    </testcase>
    <testcase classname="User is able to use all functions of the BCBS Homepage" name="Use Find a doctor to search for doctors in the USA" time="0.015">
        <system-out>
            <![CDATA[Given User is at the home page..............................................passed
When user clicks on Find A doctor...........................................passed
And user clicks to find a doctors in the US.................................passed
And user click on choose a location and plan................................passed
And user puts a "49120" and clicks on - Yes, this is correct button.........passed
And user choses plans with prefix...........................................passed
And user clicks continue....................................................passed
Then user verifies page title is "Search homepage"..........................passed
]]>
        </system-out>
    </testcase>
    <testcase classname="User is able to use all functions of the BCBS Homepage" name="Use Find a doctor to search for doctors in the USA 2" time="0">
        <system-out>
            <![CDATA[Given User is at the home page..............................................passed
When user clicks on Find A doctor...........................................passed
And user clicks to find a doctors in the US.................................passed
And user click on choose a location and plan................................passed
And user puts a "90001" and clicks on - Yes, this is correct button.........passed
And user choses plans with prefix...........................................passed
And user clicks continue....................................................passed
Then user verifies page title is "Search homepage"..........................passed
]]>
        </system-out>
    </testcase>
    <testcase classname="User is able to use all functions of the BCBS Homepage" name="Use Find a doctor to search for doctors in the USA 3" time="0.015">
        <system-out>
            <![CDATA[Given User is at the home page..............................................passed
When user clicks on Find A doctor...........................................passed
And user clicks to find a doctors in the US.................................passed
And user click on choose a location and plan................................passed
And user puts a "11208" and clicks on - Yes, this is correct button.........passed
And user choses plans with prefix...........................................passed
And user clicks continue....................................................passed
Then user verifies page title is "Search homepage"..........................passed
]]>
        </system-out>
    </testcase>
    <testcase classname="User is able to use all functions of the BCBS Homepage" name="I click &quot;Access My benefits&quot; and check out the benefits offered per Prefix provided" time="0">
        <system-out>
            <![CDATA[Given User is at the home page..............................................passed
When I enter my provided "PHP"..............................................passed
Then I verify that I am at the "https://www.anthem.com/individual-and-family/health-insurance/georgia/".passed
]]>
        </system-out>
    </testcase>
    <testcase classname="User is able to use all functions of the BCBS Homepage" name="I click &quot;Access My benefits&quot; and check out the benefits offered per Prefix provided 2" time="0">
        <system-out>
            <![CDATA[Given User is at the home page..............................................passed
When I enter my provided "QAE"..............................................passed
Then I verify that I am at the "https://www.anthem.com/individual-and-family/health-insurance/georgia/".passed
]]>
        </system-out>
    </testcase>
    <testcase classname="User is able to use all functions of the BCBS Homepage" name="I click &quot;Access My benefits&quot; and check out the benefits offered per Prefix provided 3" time="0.015">
        <system-out>
            <![CDATA[Given User is at the home page..............................................passed
When I enter my provided "BLM"..............................................passed
Then I verify that I am at the "https://www.floridablue.com/"...............passed
]]>
        </system-out>
    </testcase>
    <testcase classname="User is able to use all functions of the BCBS Homepage" name="I click &quot;Access My benefits&quot; and check out the benefits offered per Prefix provided 4" time="0">
        <system-out>
            <![CDATA[Given User is at the home page..............................................passed
When I enter my provided "BLK"..............................................passed
Then I verify that I am at the "https://www.anthem.com/individual-and-family/health-insurance/ohio/".passed
]]>
        </system-out>
    </testcase>
    <testcase classname="User is able to use all functions of the BCBS Homepage" name="I click &quot;Access My benefits&quot; and check out the benefits offered per Prefix provided 5" time="0">
        <system-out>
            <![CDATA[Given User is at the home page..............................................passed
When I enter my provided "MNN"..............................................passed
Then I verify that I am at the "https://www.highmarkbcbs.com/home/".........passed
]]>
        </system-out>
    </testcase>
    <testcase classname="User is able to use all functions of the BCBS Homepage" name="I click &quot;Access My benefits&quot; and check out the benefits offered per Prefix provided 6" time="0.015">
        <system-out>
            <![CDATA[Given User is at the home page..............................................passed
When I enter my provided "QAF"..............................................passed
Then I verify that I am at the "https://www.anthem.com/individual-and-family/health-insurance/colorado/".passed
]]>
        </system-out>
    </testcase>
</testsuite>
