<?xml version="1.0" encoding="UTF-8" standalone="no"?>
<testsuite errors="0" failures="0" name="io.cucumber.core.plugin.JUnitFormatter" skipped="0" tests="1" time="41.546">
    <testcase classname="Marriott Website Functionality Check" name="marriort forgot accoutn functionaltiy check with vailed crediantial" time="40.765">
        <system-out>
            <![CDATA[Given I am at Marriott Home Page............................................passed
And I scroll down the page and i see Signin.................................passed
And I click on Signin.......................................................passed
And I click forgot account..................................................passed
And I enter user information based on box from row and colum................passed
Then I click submit to verify...............................................passed
]]>
        </system-out>
    </testcase>
</testsuite>
