<?xml version="1.0" encoding="UTF-8" standalone="no"?>
<testsuite errors="0" failures="0" name="io.cucumber.core.plugin.JUnitFormatter" skipped="0" tests="25" time="1.703">
    <testcase classname="I am at the credit cards page and browsing different types of cards" name="I change the language of the Site to Portugues" time="0.14">
        <system-out>
            <![CDATA[Given I am at the credit cards page.........................................passed
When I change the language to "Espanol".....................................passed
Then I verify the page Header Title is "DESCUBRA NUESTRAS MARCAS"...........passed
And the homepage is "https://www.espanol.marriott.com/default.mi"...........passed
]]>
        </system-out>
    </testcase>
    <testcase classname="I am at the credit cards page and browsing different types of cards" name="I change the language of the Site to Portugues 2" time="0.015">
        <system-out>
            <![CDATA[Given I am at the credit cards page.........................................passed
When I change the language to "Francais"....................................passed
Then I verify the page Header Title is "DÉCOUVREZ NOS ENSEIGNES"............passed
And the homepage is "https://www.marriott.fr/default.mi"....................passed
]]>
        </system-out>
    </testcase>
    <testcase classname="I am at the credit cards page and browsing different types of cards" name="I change the language of the Site to Portugues 3" time="0.015">
        <system-out>
            <![CDATA[Given I am at the credit cards page.........................................passed
When I change the language to "Portugues"...................................passed
Then I verify the page Header Title is "CONHEÇA NOSSAS MARCAS"..............passed
And the homepage is "https://www.marriott.com.br/default.mi"................passed
]]>
        </system-out>
    </testcase>
    <testcase classname="I am at the credit cards page and browsing different types of cards" name="Check Convid-19 Special offers" time="0.015">
        <system-out>
            <![CDATA[Given I am at the credit cards page.........................................passed
When banner is visible I click "Best Rate Guarantee"........................passed
Then I verify the special page Title is "Marriott Cleanliness Council | Marriott Bonvoy".passed
And the special homepage is "https://clean.marriott.com/#bestrate"..........passed
]]>
        </system-out>
    </testcase>
    <testcase classname="I am at the credit cards page and browsing different types of cards" name="Check Convid-19 Special offers 2" time="0.015">
        <system-out>
            <![CDATA[Given I am at the credit cards page.........................................passed
When banner is visible I click "Flexible Cancellation"......................passed
Then I verify the special page Title is "Marriott Cleanliness Council | Marriott Bonvoy".passed
And the special homepage is "https://clean.marriott.com/#flexiblecancellation".passed
]]>
        </system-out>
    </testcase>
    <testcase classname="I am at the credit cards page and browsing different types of cards" name="Check Convid-19 Special offers 3" time="0">
        <system-out>
            <![CDATA[Given I am at the credit cards page.........................................passed
When banner is visible I click "Commitment to Clean"........................passed
Then I verify the special page Title is "Marriott Cleanliness Council | Marriott Bonvoy".passed
And the special homepage is "https://clean.marriott.com/"...................passed
]]>
        </system-out>
    </testcase>
    <testcase classname="I am at the credit cards page and browsing different types of cards" name="Check Convid-19 Special offers 4" time="0.015">
        <system-out>
            <![CDATA[Given I am at the credit cards page.........................................passed
When banner is visible I click "Contactless Services".......................passed
Then I verify the special page Title is "Marriott Cleanliness Council | Marriott Bonvoy".passed
And the special homepage is "https://clean.marriott.com/#service"...........passed
]]>
        </system-out>
    </testcase>
    <testcase classname="I am at the credit cards page and browsing different types of cards" name="Sign in to user account" time="0.015">
        <system-out>
            <![CDATA[Given I am at the credit cards page.........................................passed
When I click on the "Sign In or Join" button from header....................passed
And I enter a set of est "anotheremailset@gmail.com" address and "testPassword1" and click Sign in.passed
Then the url is "https://www.marriott.com/sign-in-error.mi?transaction=login".passed
]]>
        </system-out>
    </testcase>
    <testcase classname="I am at the credit cards page and browsing different types of cards" name="Sign in to user account 2" time="0.031">
        <system-out>
            <![CDATA[Given I am at the credit cards page.........................................passed
When I click on the "Sign In or Join" button from header....................passed
And I enter a set of est "anotheremailtwoset@gmail.com" address and "testPassword1" and click Sign in.passed
Then the url is "https://www.marriott.com/sign-in-error.mi?transaction=login".passed
]]>
        </system-out>
    </testcase>
    <testcase classname="I am at the credit cards page and browsing different types of cards" name="Sign in to user account 3" time="0">
        <system-out>
            <![CDATA[Given I am at the credit cards page.........................................passed
When I click on the "Sign In or Join" button from header....................passed
And I enter a set of est "anotheremailthreeset@gmail.com" address and "testPassword1" and click Sign in.passed
Then the url is "https://www.marriott.com/sign-in-error.mi?transaction=login".passed
]]>
        </system-out>
    </testcase>
    <testcase classname="I am at the credit cards page and browsing different types of cards" name="Sign in to user account 4" time="0.031">
        <system-out>
            <![CDATA[Given I am at the credit cards page.........................................passed
When I click on the "Sign In or Join" button from header....................passed
And I enter a set of est "anotheremailfourset@gmail.com" address and "testPassword1" and click Sign in.passed
Then the url is "https://www.marriott.com/sign-in-error.mi?transaction=login".passed
]]>
        </system-out>
    </testcase>
    <testcase classname="I am at the credit cards page and browsing different types of cards" name="Sign in to user account 5" time="0.015">
        <system-out>
            <![CDATA[Given I am at the credit cards page.........................................passed
When I click on the "Sign In or Join" button from header....................passed
And I enter a set of est "anotheremailfiveset@gmail.com" address and "testPassword1" and click Sign in.passed
Then the url is "https://www.marriott.com/sign-in-error.mi?transaction=login".passed
]]>
        </system-out>
    </testcase>
    <testcase classname="I am at the credit cards page and browsing different types of cards" name="I click &quot;Find &amp; Reserve&quot; and browse the options" time="0">
        <system-out>
            <![CDATA[Given I am at the credit cards page.........................................passed
When I click on "Find & Reserve" drop down..................................passed
And I Type in my "Brooklyn, NY, USA" for "FEBRUARY 2021" on "25"............passed
And I click on "Find Hotels"................................................passed
Then I reach "https://www.marriott.com/search/findHotels.mi" with results...passed
]]>
        </system-out>
    </testcase>
    <testcase classname="I am at the credit cards page and browsing different types of cards" name="I click &quot;Find &amp; Reserve&quot; and browse the options 2" time="0.015">
        <system-out>
            <![CDATA[Given I am at the credit cards page.........................................passed
When I click on "Find & Reserve" drop down..................................passed
And I Type in my "Hamburg, Germany" for "MARCH 2021" on "12"................passed
And I click on "Find Hotels"................................................passed
Then I reach "https://www.marriott.com/search/findHotels.mi" with results...passed
]]>
        </system-out>
    </testcase>
    <testcase classname="I am at the credit cards page and browsing different types of cards" name="I click &quot;Find &amp; Reserve&quot; and browse the options 3" time="0">
        <system-out>
            <![CDATA[Given I am at the credit cards page.........................................passed
When I click on "Find & Reserve" drop down..................................passed
And I Type in my "Delhi Gate, Daryaganj, Delhi, India" for "APRIL 2021" on "18".passed
And I click on "Find Hotels"................................................passed
Then I reach "https://www.marriott.com/search/findHotels.mi" with results...passed
]]>
        </system-out>
    </testcase>
    <testcase classname="I am at the credit cards page and browsing different types of cards" name="I click &quot;Find &amp; Reserve&quot; and browse the options 4" time="0.015">
        <system-out>
            <![CDATA[Given I am at the credit cards page.........................................passed
When I click on "Find & Reserve" drop down..................................passed
And I Type in my "San Francisco, CA, USA" for "JUNE 2021" on "23"...........passed
And I click on "Find Hotels"................................................passed
Then I reach "https://www.marriott.com/search/findHotels.mi" with results...passed
]]>
        </system-out>
    </testcase>
    <testcase classname="I am at the credit cards page and browsing different types of cards" name="I look into &quot;Marriott Bonvoy Boundless™ Credit Card from Chase&quot;" time="0.015">
        <system-out>
            <![CDATA[Given I am at the credit cards page.........................................passed
When I click "Marriott Bonvoy Boundless™ Credit Card from Chase" Learn more.passed
Then I verify it opens up into a new tab titled "Marriott Bonvoy Boundless™ Credit Card from Chase".passed
And I veritfy the card is offering "75,000 BONUS POINTS" points for initial signup.passed
]]>
        </system-out>
    </testcase>
    <testcase classname="I am at the credit cards page and browsing different types of cards" name="I checkout the mobile app page" time="0">
        <system-out>
            <![CDATA[Given I am at the credit cards page.........................................passed
When I click on "Learn More" on the footer banner for App...................passed
And I click on "Mobile Key" on the header link..............................passed
Then I verify page scrolled down to "Mobile Key" view.......................passed
]]>
        </system-out>
    </testcase>
    <testcase classname="I am at the credit cards page and browsing different types of cards" name="I lookup a trip itenerary from &quot;My trip&quot;" time="0.015">
        <system-out>
            <![CDATA[Given I am at the credit cards page.........................................passed
When I navigate to "My Trip" and the pop-up opens...........................passed
And I enter user information "LMN3SFF312341","December 2020", "23","Joseph","Robinet".passed
Then I am redirected to a page with appropriate error message "Reservation not found".passed
And I validate the title of the page is "Upcoming Reservations Confirmation #".passed
]]>
        </system-out>
    </testcase>
    <testcase classname="I am at the credit cards page and browsing different types of cards" name="I lookup a trip itenerary from &quot;My trip&quot; 2" time="0">
        <system-out>
            <![CDATA[Given I am at the credit cards page.........................................passed
When I navigate to "My Trip" and the pop-up opens...........................passed
And I enter user information "J23A2I9233021","December 2020", "13","Emile","Hoosier".passed
Then I am redirected to a page with appropriate error message "Reservation not found".passed
And I validate the title of the page is "Upcoming Reservations Confirmation #".passed
]]>
        </system-out>
    </testcase>
    <testcase classname="I am at the credit cards page and browsing different types of cards" name="I lookup a trip itenerary from &quot;My trip&quot; 3" time="0">
        <system-out>
            <![CDATA[Given I am at the credit cards page.........................................passed
When I navigate to "My Trip" and the pop-up opens...........................passed
And I enter user information "12341FGDEWQF1","January 2021", "11","Chris","Dickens".passed
Then I am redirected to a page with appropriate error message "Reservation not found".passed
And I validate the title of the page is "Upcoming Reservations Confirmation #".passed
]]>
        </system-out>
    </testcase>
    <testcase classname="I am at the credit cards page and browsing different types of cards" name="I lookup a trip itenerary from &quot;My trip&quot; 4" time="0">
        <system-out>
            <![CDATA[Given I am at the credit cards page.........................................passed
When I navigate to "My Trip" and the pop-up opens...........................passed
And I enter user information "I12341H1231S2","February 2021", "24","Holly","Smith".passed
Then I am redirected to a page with appropriate error message "Reservation not found".passed
And I validate the title of the page is "Upcoming Reservations Confirmation #".passed
]]>
        </system-out>
    </testcase>
    <testcase classname="I am at the credit cards page and browsing different types of cards" name="I lookup a trip itenerary from &quot;My trip&quot; 5" time="0">
        <system-out>
            <![CDATA[Given I am at the credit cards page.........................................passed
When I navigate to "My Trip" and the pop-up opens...........................passed
And I enter user information "R45W41H1231S2","February 2021", "16","Rebecca","Winemouth".passed
Then I am redirected to a page with appropriate error message "Reservation not found".passed
And I validate the title of the page is "Upcoming Reservations Confirmation #".passed
]]>
        </system-out>
    </testcase>
    <testcase classname="I am at the credit cards page and browsing different types of cards" name="I lookup a trip itenerary from &quot;My trip&quot; 6" time="0">
        <system-out>
            <![CDATA[Given I am at the credit cards page.........................................passed
When I navigate to "My Trip" and the pop-up opens...........................passed
And I enter user information "I1234567G31S2","March 2021", "19","Menuson","Davenport".passed
Then I am redirected to a page with appropriate error message "Reservation not found".passed
And I validate the title of the page is "Upcoming Reservations Confirmation #".passed
]]>
        </system-out>
    </testcase>
    <testcase classname="I am at the credit cards page and browsing different types of cards" name="I lookup a trip itenerary from &quot;My trip&quot; 7" time="0">
        <system-out>
            <![CDATA[Given I am at the credit cards page.........................................passed
When I navigate to "My Trip" and the pop-up opens...........................passed
And I enter user information "I1234SFXXV1S2","February 2021", "24","Lilly","Cunninlingus".passed
Then I am redirected to a page with appropriate error message "Reservation not found".passed
And I validate the title of the page is "Upcoming Reservations Confirmation #".passed
]]>
        </system-out>
    </testcase>
</testsuite>
