<?xml version="1.0" encoding="UTF-8" standalone="no"?>
<testsuite errors="0" failures="3" name="io.cucumber.core.plugin.JUnitFormatter" skipped="0" tests="11" time="569.509">
    <testcase classname="T-mobile homePage functionality check" name="T-mobile homePage check title" time="20.468">
        <system-out>
            <![CDATA[Given I am at T-mobile home page............................................passed
Then I verify home page title...............................................passed
]]>
        </system-out>
    </testcase>
    <testcase classname="T-mobile homePage functionality check" name="T-mobile cart page validation" time="24.921">
        <system-out>
            <![CDATA[Given I am at T-mobile home page............................................passed
When I lick on cart sign button.............................................passed
Then I verify My cart logo is displayed.....................................passed
]]>
        </system-out>
    </testcase>
    <testcase classname="T-mobile homePage functionality check" name="T- mobile searchBox functionality" time="28.274">
        <system-out>
            <![CDATA[Given I am at T-mobile home page............................................passed
And I click on search button................................................passed
When I enter "iphone" in searchBox..........................................passed
And again I click on search button..........................................passed
Then I verify  current URL..................................................passed
]]>
        </system-out>
    </testcase>
    <testcase classname="T-mobile homePage functionality check" name="T-mobile plans page" time="35.462">
        <system-out>
            <![CDATA[Given I am at T-mobile home page............................................passed
When I mouse hover plans and I select Essentials............................passed
Then I verify the current url...............................................passed
]]>
        </system-out>
    </testcase>
    <testcase classname="T-mobile homePage functionality check" name="T-mobile Phones &amp; devices page" time="42.455">
        <system-out>
            <![CDATA[Given I am at T-mobile home page............................................passed
When I mouse over Phones & devices..........................................passed
And i select FiveG phones...................................................passed
Then I verify FiveG logo displays...........................................passed
]]>
        </system-out>
    </testcase>
    <testcase classname="T-mobile homePage functionality check" name="T-mobile home page active check links" time="154.208">
        <system-out>
            <![CDATA[Given I am at T-mobile home page............................................passed
Then I verify all active links..............................................passed
]]>
        </system-out>
    </testcase>
    <testcase classname="T-mobile homePage functionality check" name="T-mobile check deals button functionality" time="64.762">
        <system-out>
            <![CDATA[Given I am at T-mobile home page............................................passed
When I mouse over deals.....................................................passed
And I click on Apple........................................................passed
Then I verify page title as Apple...........................................passed
]]>
        </system-out>
    </testcase>
    <testcase classname="T-mobile homePage functionality check" name="login functionality check with invalid credentials" time="63.085">
        <failure message="no such element: Unable to locate element: {&quot;method&quot;:&quot;css selector&quot;,&quot;selector&quot;:&quot;#passwordTextBox&quot;}&#10;  (Session info: chrome=87.0.4280.66)&#10;For documentation on this error, please visit: https://www.seleniumhq.org/exceptions/no_such_element.html&#10;Build info: version: '3.141.59', revision: 'e82be7d358', time: '2018-11-14T08:17:03'&#10;System info: host: 'DESKTOP-H1M8N5B', ip: '192.168.1.159', os.name: 'Windows 10', os.arch: 'amd64', os.version: '10.0', java.version: '11.0.9'&#10;Driver info: org.openqa.selenium.chrome.ChromeDriver&#10;Capabilities {acceptInsecureCerts: false, browserName: chrome, browserVersion: 87.0.4280.66, chrome: {chromedriverVersion: 86.0.4240.22 (398b0743353ff..., userDataDir: C:\Users\hakim\AppData\Loca...}, goog:chromeOptions: {debuggerAddress: localhost:57150}, javascriptEnabled: true, networkConnectionEnabled: false, pageLoadStrategy: normal, platform: WINDOWS, platformName: WINDOWS, proxy: Proxy(), setWindowRect: true, strictFileInteractability: false, timeouts: {implicit: 0, pageLoad: 300000, script: 30000}, unhandledPromptBehavior: dismiss and notify, webauthn:virtualAuthenticators: true}&#10;Session ID: 30a11b9407fe09d211da3eee36099ac8&#10;*** Element info: {Using=id, value=passwordTextBox}" type="org.openqa.selenium.NoSuchElementException">
            <![CDATA[Given I am at T-mobile home page............................................passed
And I click on my account...................................................passed
And I click on Log in.......................................................passed
When I enter "lehamelhakim833@gmail.com"....................................passed
And i click on next.........................................................passed
And I again enter "abcd12345h"..............................................failed
And again I click login.....................................................skipped
Then I verify error message display.........................................skipped

StackTrace:
org.openqa.selenium.NoSuchElementException: no such element: Unable to locate element: {"method":"css selector","selector":"#passwordTextBox"}
  (Session info: chrome=87.0.4280.66)
For documentation on this error, please visit: https://www.seleniumhq.org/exceptions/no_such_element.html
Build info: version: '3.141.59', revision: 'e82be7d358', time: '2018-11-14T08:17:03'
System info: host: 'DESKTOP-H1M8N5B', ip: '192.168.1.159', os.name: 'Windows 10', os.arch: 'amd64', os.version: '10.0', java.version: '11.0.9'
Driver info: org.openqa.selenium.chrome.ChromeDriver
Capabilities {acceptInsecureCerts: false, browserName: chrome, browserVersion: 87.0.4280.66, chrome: {chromedriverVersion: 86.0.4240.22 (398b0743353ff..., userDataDir: C:\Users\hakim\AppData\Loca...}, goog:chromeOptions: {debuggerAddress: localhost:57150}, javascriptEnabled: true, networkConnectionEnabled: false, pageLoadStrategy: normal, platform: WINDOWS, platformName: WINDOWS, proxy: Proxy(), setWindowRect: true, strictFileInteractability: false, timeouts: {implicit: 0, pageLoad: 300000, script: 30000}, unhandledPromptBehavior: dismiss and notify, webauthn:virtualAuthenticators: true}
Session ID: 30a11b9407fe09d211da3eee36099ac8
*** Element info: {Using=id, value=passwordTextBox}
	at java.base/jdk.internal.reflect.NativeConstructorAccessorImpl.newInstance0(Native Method)
	at java.base/jdk.internal.reflect.NativeConstructorAccessorImpl.newInstance(NativeConstructorAccessorImpl.java:62)
	at java.base/jdk.internal.reflect.DelegatingConstructorAccessorImpl.newInstance(DelegatingConstructorAccessorImpl.java:45)
	at java.base/java.lang.reflect.Constructor.newInstance(Constructor.java:490)
	at org.openqa.selenium.remote.http.W3CHttpResponseCodec.createException(W3CHttpResponseCodec.java:187)
	at org.openqa.selenium.remote.http.W3CHttpResponseCodec.decode(W3CHttpResponseCodec.java:122)
	at org.openqa.selenium.remote.http.W3CHttpResponseCodec.decode(W3CHttpResponseCodec.java:49)
	at org.openqa.selenium.remote.HttpCommandExecutor.execute(HttpCommandExecutor.java:158)
	at org.openqa.selenium.remote.service.DriverCommandExecutor.execute(DriverCommandExecutor.java:83)
	at org.openqa.selenium.remote.RemoteWebDriver.execute(RemoteWebDriver.java:552)
	at org.openqa.selenium.remote.RemoteWebDriver.findElement(RemoteWebDriver.java:323)
	at org.openqa.selenium.remote.RemoteWebDriver.findElementById(RemoteWebDriver.java:372)
	at org.openqa.selenium.By$ById.findElement(By.java:188)
	at org.openqa.selenium.remote.RemoteWebDriver.findElement(RemoteWebDriver.java:315)
	at org.openqa.selenium.support.pagefactory.DefaultElementLocator.findElement(DefaultElementLocator.java:69)
	at org.openqa.selenium.support.pagefactory.internal.LocatingElementHandler.invoke(LocatingElementHandler.java:38)
	at com.sun.proxy.$Proxy25.sendKeys(Unknown Source)
	at home.HomePage.setPassword(HomePage.java:176)
	at stepDefinitions.HomePageStepDefinitions.iAgainEnter(HomePageStepDefinitions.java:169)
	at ✽.I again enter "abcd12345h"(file:///C:/Users/hakim/IdeaProjects/BDDWebAutomation_Team2/T-Mobile/src/test/java/features/HomePage.feature:45)
]]>
        </failure>
    </testcase>
    <testcase classname="T-mobile homePage functionality check" name="login functionality check with invalid credentials 2" time="54.574">
        <failure message="no such element: Unable to locate element: {&quot;method&quot;:&quot;css selector&quot;,&quot;selector&quot;:&quot;#passwordTextBox&quot;}&#10;  (Session info: chrome=87.0.4280.66)&#10;For documentation on this error, please visit: https://www.seleniumhq.org/exceptions/no_such_element.html&#10;Build info: version: '3.141.59', revision: 'e82be7d358', time: '2018-11-14T08:17:03'&#10;System info: host: 'DESKTOP-H1M8N5B', ip: '192.168.1.159', os.name: 'Windows 10', os.arch: 'amd64', os.version: '10.0', java.version: '11.0.9'&#10;Driver info: org.openqa.selenium.chrome.ChromeDriver&#10;Capabilities {acceptInsecureCerts: false, browserName: chrome, browserVersion: 87.0.4280.66, chrome: {chromedriverVersion: 86.0.4240.22 (398b0743353ff..., userDataDir: C:\Users\hakim\AppData\Loca...}, goog:chromeOptions: {debuggerAddress: localhost:57435}, javascriptEnabled: true, networkConnectionEnabled: false, pageLoadStrategy: normal, platform: WINDOWS, platformName: WINDOWS, proxy: Proxy(), setWindowRect: true, strictFileInteractability: false, timeouts: {implicit: 0, pageLoad: 300000, script: 30000}, unhandledPromptBehavior: dismiss and notify, webauthn:virtualAuthenticators: true}&#10;Session ID: a307ab04969e5c05eba78c631de15b14&#10;*** Element info: {Using=id, value=passwordTextBox}" type="org.openqa.selenium.NoSuchElementException">
            <![CDATA[Given I am at T-mobile home page............................................passed
And I click on my account...................................................passed
And I click on Log in.......................................................passed
When I enter "lehamelhakim833@gmail.com"....................................passed
And i click on next.........................................................passed
And I again enter "abcdefghi"...............................................failed
And again I click login.....................................................skipped
Then I verify error message display.........................................skipped

StackTrace:
org.openqa.selenium.NoSuchElementException: no such element: Unable to locate element: {"method":"css selector","selector":"#passwordTextBox"}
  (Session info: chrome=87.0.4280.66)
For documentation on this error, please visit: https://www.seleniumhq.org/exceptions/no_such_element.html
Build info: version: '3.141.59', revision: 'e82be7d358', time: '2018-11-14T08:17:03'
System info: host: 'DESKTOP-H1M8N5B', ip: '192.168.1.159', os.name: 'Windows 10', os.arch: 'amd64', os.version: '10.0', java.version: '11.0.9'
Driver info: org.openqa.selenium.chrome.ChromeDriver
Capabilities {acceptInsecureCerts: false, browserName: chrome, browserVersion: 87.0.4280.66, chrome: {chromedriverVersion: 86.0.4240.22 (398b0743353ff..., userDataDir: C:\Users\hakim\AppData\Loca...}, goog:chromeOptions: {debuggerAddress: localhost:57435}, javascriptEnabled: true, networkConnectionEnabled: false, pageLoadStrategy: normal, platform: WINDOWS, platformName: WINDOWS, proxy: Proxy(), setWindowRect: true, strictFileInteractability: false, timeouts: {implicit: 0, pageLoad: 300000, script: 30000}, unhandledPromptBehavior: dismiss and notify, webauthn:virtualAuthenticators: true}
Session ID: a307ab04969e5c05eba78c631de15b14
*** Element info: {Using=id, value=passwordTextBox}
	at java.base/jdk.internal.reflect.NativeConstructorAccessorImpl.newInstance0(Native Method)
	at java.base/jdk.internal.reflect.NativeConstructorAccessorImpl.newInstance(NativeConstructorAccessorImpl.java:62)
	at java.base/jdk.internal.reflect.DelegatingConstructorAccessorImpl.newInstance(DelegatingConstructorAccessorImpl.java:45)
	at java.base/java.lang.reflect.Constructor.newInstance(Constructor.java:490)
	at org.openqa.selenium.remote.http.W3CHttpResponseCodec.createException(W3CHttpResponseCodec.java:187)
	at org.openqa.selenium.remote.http.W3CHttpResponseCodec.decode(W3CHttpResponseCodec.java:122)
	at org.openqa.selenium.remote.http.W3CHttpResponseCodec.decode(W3CHttpResponseCodec.java:49)
	at org.openqa.selenium.remote.HttpCommandExecutor.execute(HttpCommandExecutor.java:158)
	at org.openqa.selenium.remote.service.DriverCommandExecutor.execute(DriverCommandExecutor.java:83)
	at org.openqa.selenium.remote.RemoteWebDriver.execute(RemoteWebDriver.java:552)
	at org.openqa.selenium.remote.RemoteWebDriver.findElement(RemoteWebDriver.java:323)
	at org.openqa.selenium.remote.RemoteWebDriver.findElementById(RemoteWebDriver.java:372)
	at org.openqa.selenium.By$ById.findElement(By.java:188)
	at org.openqa.selenium.remote.RemoteWebDriver.findElement(RemoteWebDriver.java:315)
	at org.openqa.selenium.support.pagefactory.DefaultElementLocator.findElement(DefaultElementLocator.java:69)
	at org.openqa.selenium.support.pagefactory.internal.LocatingElementHandler.invoke(LocatingElementHandler.java:38)
	at com.sun.proxy.$Proxy25.sendKeys(Unknown Source)
	at home.HomePage.setPassword(HomePage.java:176)
	at stepDefinitions.HomePageStepDefinitions.iAgainEnter(HomePageStepDefinitions.java:169)
	at ✽.I again enter "abcdefghi"(file:///C:/Users/hakim/IdeaProjects/BDDWebAutomation_Team2/T-Mobile/src/test/java/features/HomePage.feature:45)
]]>
        </failure>
    </testcase>
    <testcase classname="T-mobile homePage functionality check" name="T-mobile coverage Mouse over" time="40.042">
        <failure message="element not interactable&#10;  (Session info: chrome=87.0.4280.66)&#10;Build info: version: '3.141.59', revision: 'e82be7d358', time: '2018-11-14T08:17:03'&#10;System info: host: 'DESKTOP-H1M8N5B', ip: '192.168.1.159', os.name: 'Windows 10', os.arch: 'amd64', os.version: '10.0', java.version: '11.0.9'&#10;Driver info: org.openqa.selenium.chrome.ChromeDriver&#10;Capabilities {acceptInsecureCerts: false, browserName: chrome, browserVersion: 87.0.4280.66, chrome: {chromedriverVersion: 86.0.4240.22 (398b0743353ff..., userDataDir: C:\Users\hakim\AppData\Loca...}, goog:chromeOptions: {debuggerAddress: localhost:57631}, javascriptEnabled: true, networkConnectionEnabled: false, pageLoadStrategy: normal, platform: WINDOWS, platformName: WINDOWS, proxy: Proxy(), setWindowRect: true, strictFileInteractability: false, timeouts: {implicit: 0, pageLoad: 300000, script: 30000}, unhandledPromptBehavior: dismiss and notify, webauthn:virtualAuthenticators: true}&#10;Session ID: 90fd3f62255696450cb1d45f1e4e3c74" type="org.openqa.selenium.ElementNotInteractableException">
            <![CDATA[Given I am at T-mobile home page............................................passed
When I mouse over coverage..................................................passed
And I select our network....................................................failed
Then I verify page title as our network.....................................skipped

StackTrace:
org.openqa.selenium.ElementNotInteractableException: element not interactable
  (Session info: chrome=87.0.4280.66)
Build info: version: '3.141.59', revision: 'e82be7d358', time: '2018-11-14T08:17:03'
System info: host: 'DESKTOP-H1M8N5B', ip: '192.168.1.159', os.name: 'Windows 10', os.arch: 'amd64', os.version: '10.0', java.version: '11.0.9'
Driver info: org.openqa.selenium.chrome.ChromeDriver
Capabilities {acceptInsecureCerts: false, browserName: chrome, browserVersion: 87.0.4280.66, chrome: {chromedriverVersion: 86.0.4240.22 (398b0743353ff..., userDataDir: C:\Users\hakim\AppData\Loca...}, goog:chromeOptions: {debuggerAddress: localhost:57631}, javascriptEnabled: true, networkConnectionEnabled: false, pageLoadStrategy: normal, platform: WINDOWS, platformName: WINDOWS, proxy: Proxy(), setWindowRect: true, strictFileInteractability: false, timeouts: {implicit: 0, pageLoad: 300000, script: 30000}, unhandledPromptBehavior: dismiss and notify, webauthn:virtualAuthenticators: true}
Session ID: 90fd3f62255696450cb1d45f1e4e3c74
	at java.base/jdk.internal.reflect.NativeConstructorAccessorImpl.newInstance0(Native Method)
	at java.base/jdk.internal.reflect.NativeConstructorAccessorImpl.newInstance(NativeConstructorAccessorImpl.java:62)
	at java.base/jdk.internal.reflect.DelegatingConstructorAccessorImpl.newInstance(DelegatingConstructorAccessorImpl.java:45)
	at java.base/java.lang.reflect.Constructor.newInstance(Constructor.java:490)
	at org.openqa.selenium.remote.http.W3CHttpResponseCodec.createException(W3CHttpResponseCodec.java:187)
	at org.openqa.selenium.remote.http.W3CHttpResponseCodec.decode(W3CHttpResponseCodec.java:122)
	at org.openqa.selenium.remote.http.W3CHttpResponseCodec.decode(W3CHttpResponseCodec.java:49)
	at org.openqa.selenium.remote.HttpCommandExecutor.execute(HttpCommandExecutor.java:158)
	at org.openqa.selenium.remote.service.DriverCommandExecutor.execute(DriverCommandExecutor.java:83)
	at org.openqa.selenium.remote.RemoteWebDriver.execute(RemoteWebDriver.java:552)
	at org.openqa.selenium.remote.RemoteWebElement.execute(RemoteWebElement.java:285)
	at org.openqa.selenium.remote.RemoteWebElement.click(RemoteWebElement.java:84)
	at home.HomePage.clickOurNetwork(HomePage.java:189)
	at stepDefinitions.HomePageStepDefinitions.iSelectOurNetwork(HomePageStepDefinitions.java:192)
	at ✽.I select our network(file:///C:/Users/hakim/IdeaProjects/BDDWebAutomation_Team2/T-Mobile/src/test/java/features/HomePage.feature:55)
]]>
        </failure>
    </testcase>
    <testcase classname="T-mobile homePage functionality check" name="T-mobile check feedback tab open" time="40.187">
        <system-out>
            <![CDATA[Given I am at T-mobile home page............................................passed
When I mouse hover chat sign................................................passed
And click feedback..........................................................passed
Then I verify feedback tab opens............................................passed
]]>
        </system-out>
    </testcase>
</testsuite>
