
@Test
Scenario: T-Mobile Cell Phones button functionality check with valid name # src/test/java/features/TMobileBackground.feature:12
  Given I am at T-Mobile Home Page                                        # stepDefinitions.TMobilePageStepDefinitions.i_am_at_t_mobile_home_page()
  When I click on Phones And Devices                                      # stepDefinitions.TMobilePageStepDefinitions.i_click_on_phones_and_devices()
  When I click on Cell Phones                                             # stepDefinitions.TMobilePageStepDefinitions.i_click_on_cell_phones()
  Then I verify Phones is exist                                           # stepDefinitions.TMobilePageStepDefinitions.i_verify_phones_is_exist()

@Test
Scenario: T-Mobile Tablets and devices functionality check with valid name # src/test/java/features/TMobileBackground.feature:17
  Given I am at T-Mobile Home Page                                         # stepDefinitions.TMobilePageStepDefinitions.i_am_at_t_mobile_home_page()
  When I click on Phones And Devices                                       # stepDefinitions.TMobilePageStepDefinitions.i_click_on_phones_and_devices()
  And I click on Tablets and devices                                       # stepDefinitions.TMobilePageStepDefinitions.i_click_on_tablets_and_devices()
  Then I verify Tablets and devices is appear properly                     # stepDefinitions.TMobilePageStepDefinitions.i_verify_tablets_and_devices_is_appear_properly()

@Test
Scenario: T-Mobile Smart Watches button functionality check with valid name # src/test/java/features/TMobileBackground.feature:22
  Given I am at T-Mobile Home Page                                          # stepDefinitions.TMobilePageStepDefinitions.i_am_at_t_mobile_home_page()
  When I click on Phones And Devices                                        # stepDefinitions.TMobilePageStepDefinitions.i_click_on_phones_and_devices()
  And I click on Smart Watches                                              # stepDefinitions.TMobilePageStepDefinitions.i_click_on_smart_watches()
  Then I verify Smart Watches is appear properly                            # stepDefinitions.TMobilePageStepDefinitions.i_verify_smart_watches_is_appear_properly()

@Test
Scenario: T-Mobile Accessories button functionality check with valid name # src/test/java/features/TMobileBackground.feature:27
  Given I am at T-Mobile Home Page                                        # stepDefinitions.TMobilePageStepDefinitions.i_am_at_t_mobile_home_page()
  When I click on Phones And Devices                                      # stepDefinitions.TMobilePageStepDefinitions.i_click_on_phones_and_devices()
  And I click on Accessories                                              # stepDefinitions.TMobilePageStepDefinitions.i_click_on_accessories()
      org.openqa.selenium.NoSuchElementException: no such element: Unable to locate element: {"method":"css selector","selector":"#mat-expansion-panel-header-0 > span > mat-panel-title > div > a > span.hide-on-mobile.filter-button.font-weight-bold.margin-0.ng-tns-c208-2"}
  (Session info: chrome=87.0.4280.66)
For documentation on this error, please visit: https://www.seleniumhq.org/exceptions/no_such_element.html
Build info: version: '3.141.59', revision: 'e82be7d358', time: '2018-11-14T08:17:03'
System info: host: 'DESKTOP-UEN12UN', ip: '192.168.191.1', os.name: 'Windows 10', os.arch: 'amd64', os.version: '10.0', java.version: '15'
Driver info: org.openqa.selenium.chrome.ChromeDriver
Capabilities {acceptInsecureCerts: false, browserName: chrome, browserVersion: 87.0.4280.66, chrome: {chromedriverVersion: 86.0.4240.22 (398b0743353ff..., userDataDir: C:\Users\Owner\AppData\Loca...}, goog:chromeOptions: {debuggerAddress: localhost:50087}, javascriptEnabled: true, networkConnectionEnabled: false, pageLoadStrategy: normal, platform: WINDOWS, platformName: WINDOWS, proxy: Proxy(), setWindowRect: true, strictFileInteractability: false, timeouts: {implicit: 0, pageLoad: 300000, script: 30000}, unhandledPromptBehavior: dismiss and notify, webauthn:virtualAuthenticators: true}
Session ID: 2a0543a1299458123ef5d2a514782c14
*** Element info: {Using=css selector, value=#mat-expansion-panel-header-0 > span > mat-panel-title > div > a > span.hide-on-mobile.filter-button.font-weight-bold.margin-0.ng-tns-c208-2}
	at java.base/jdk.internal.reflect.NativeConstructorAccessorImpl.newInstance0(Native Method)
	at java.base/jdk.internal.reflect.NativeConstructorAccessorImpl.newInstance(NativeConstructorAccessorImpl.java:64)
	at java.base/jdk.internal.reflect.DelegatingConstructorAccessorImpl.newInstance(DelegatingConstructorAccessorImpl.java:45)
	at java.base/java.lang.reflect.Constructor.newInstanceWithCaller(Constructor.java:500)
	at java.base/java.lang.reflect.Constructor.newInstance(Constructor.java:481)
	at org.openqa.selenium.remote.http.W3CHttpResponseCodec.createException(W3CHttpResponseCodec.java:187)
	at org.openqa.selenium.remote.http.W3CHttpResponseCodec.decode(W3CHttpResponseCodec.java:122)
	at org.openqa.selenium.remote.http.W3CHttpResponseCodec.decode(W3CHttpResponseCodec.java:49)
	at org.openqa.selenium.remote.HttpCommandExecutor.execute(HttpCommandExecutor.java:158)
	at org.openqa.selenium.remote.service.DriverCommandExecutor.execute(DriverCommandExecutor.java:83)
	at org.openqa.selenium.remote.RemoteWebDriver.execute(RemoteWebDriver.java:552)
	at org.openqa.selenium.remote.RemoteWebDriver.findElement(RemoteWebDriver.java:323)
	at org.openqa.selenium.remote.RemoteWebDriver.findElementByCssSelector(RemoteWebDriver.java:420)
	at org.openqa.selenium.By$ByCssSelector.findElement(By.java:431)
	at org.openqa.selenium.remote.RemoteWebDriver.findElement(RemoteWebDriver.java:315)
	at org.openqa.selenium.support.pagefactory.DefaultElementLocator.findElement(DefaultElementLocator.java:69)
	at org.openqa.selenium.support.pagefactory.internal.LocatingElementHandler.invoke(LocatingElementHandler.java:38)
	at com.sun.proxy.$Proxy25.click(Unknown Source)
	at tmobile.TMobileHomePage.clickAccessories(TMobileHomePage.java:79)
	at stepDefinitions.TMobilePageStepDefinitions.i_click_on_accessories(TMobilePageStepDefinitions.java:96)
	at ✽.I click on Accessories(file:///C:/Users/Owner/IdeaProjects/BDDWebAutomation_Team2/T-Mobile/src/test/java/features/TMobileBackground.feature:28)

  Then I verify Accessories is appear properly                            # stepDefinitions.TMobilePageStepDefinitions.i_verify_accessories_is_appear_properly()
      org.openqa.selenium.NoSuchSessionException: Session ID is null. Using WebDriver after calling quit()?
Build info: version: '3.141.59', revision: 'e82be7d358', time: '2018-11-14T08:17:03'
System info: host: 'DESKTOP-UEN12UN', ip: '192.168.191.1', os.name: 'Windows 10', os.arch: 'amd64', os.version: '10.0', java.version: '15'
Driver info: driver.version: RemoteWebDriver
	at org.openqa.selenium.remote.HttpCommandExecutor.execute(HttpCommandExecutor.java:125)
	at org.openqa.selenium.remote.service.DriverCommandExecutor.execute(DriverCommandExecutor.java:83)
	at org.openqa.selenium.remote.RemoteWebDriver.execute(RemoteWebDriver.java:552)
	at org.openqa.selenium.remote.RemoteWebDriver.execute(RemoteWebDriver.java:609)
	at org.openqa.selenium.remote.RemoteWebDriver.getScreenshotAs(RemoteWebDriver.java:295)
	at stepDefinitions.TMobilePageStepDefinitions.tearDown(TMobilePageStepDefinitions.java:30)


@Test
Scenario: T-Mobile Cases And Cavers functionality check with valid product # src/test/java/features/TMobileBackground.feature:32
  Given I am at T-Mobile Home Page                                         # stepDefinitions.TMobilePageStepDefinitions.i_am_at_t_mobile_home_page()
  When I click on Phones And Devices                                       # stepDefinitions.TMobilePageStepDefinitions.i_click_on_phones_and_devices()
  And I hover Accessories                                                  # stepDefinitions.TMobilePageStepDefinitions.i_hover_accessories()
  When I click on Cases and Cavers                                         # stepDefinitions.TMobilePageStepDefinitions.i_click_on_cases_and_cavers()
  Then I verify Cases and Cavers is appear properly                        # stepDefinitions.TMobilePageStepDefinitions.i_verify_cases_and_cavers_is_appear_properly()

@Test
Scenario: T-Mobile Cases And Cavers functionality check with valid product # src/test/java/features/TMobileBackground.feature:38
  Given I am at T-Mobile Home Page                                         # stepDefinitions.TMobilePageStepDefinitions.i_am_at_t_mobile_home_page()
  When I click on Phones And Devices                                       # stepDefinitions.TMobilePageStepDefinitions.i_click_on_phones_and_devices()
  And I hover Deals                                                        # stepDefinitions.TMobilePageStepDefinitions.i_hover_deals()
  When I click on New check Box                                            # stepDefinitions.TMobilePageStepDefinitions.i_click_on_new_check_box()
      org.openqa.selenium.NoSuchElementException: no such element: Unable to locate element: {"method":"xpath","selector":"//*[@id="mat-checkbox-1"]/label/div"}
  (Session info: chrome=87.0.4280.66)
For documentation on this error, please visit: https://www.seleniumhq.org/exceptions/no_such_element.html
Build info: version: '3.141.59', revision: 'e82be7d358', time: '2018-11-14T08:17:03'
System info: host: 'DESKTOP-UEN12UN', ip: '192.168.191.1', os.name: 'Windows 10', os.arch: 'amd64', os.version: '10.0', java.version: '15'
Driver info: org.openqa.selenium.chrome.ChromeDriver
Capabilities {acceptInsecureCerts: false, browserName: chrome, browserVersion: 87.0.4280.66, chrome: {chromedriverVersion: 86.0.4240.22 (398b0743353ff..., userDataDir: C:\Users\Owner\AppData\Loca...}, goog:chromeOptions: {debuggerAddress: localhost:50419}, javascriptEnabled: true, networkConnectionEnabled: false, pageLoadStrategy: normal, platform: WINDOWS, platformName: WINDOWS, proxy: Proxy(), setWindowRect: true, strictFileInteractability: false, timeouts: {implicit: 0, pageLoad: 300000, script: 30000}, unhandledPromptBehavior: dismiss and notify, webauthn:virtualAuthenticators: true}
Session ID: 35bc3d3df8fffddb0c4397a7e5542076
*** Element info: {Using=xpath, value=//*[@id="mat-checkbox-1"]/label/div}
	at java.base/jdk.internal.reflect.NativeConstructorAccessorImpl.newInstance0(Native Method)
	at java.base/jdk.internal.reflect.NativeConstructorAccessorImpl.newInstance(NativeConstructorAccessorImpl.java:64)
	at java.base/jdk.internal.reflect.DelegatingConstructorAccessorImpl.newInstance(DelegatingConstructorAccessorImpl.java:45)
	at java.base/java.lang.reflect.Constructor.newInstanceWithCaller(Constructor.java:500)
	at java.base/java.lang.reflect.Constructor.newInstance(Constructor.java:481)
	at org.openqa.selenium.remote.http.W3CHttpResponseCodec.createException(W3CHttpResponseCodec.java:187)
	at org.openqa.selenium.remote.http.W3CHttpResponseCodec.decode(W3CHttpResponseCodec.java:122)
	at org.openqa.selenium.remote.http.W3CHttpResponseCodec.decode(W3CHttpResponseCodec.java:49)
	at org.openqa.selenium.remote.HttpCommandExecutor.execute(HttpCommandExecutor.java:158)
	at org.openqa.selenium.remote.service.DriverCommandExecutor.execute(DriverCommandExecutor.java:83)
	at org.openqa.selenium.remote.RemoteWebDriver.execute(RemoteWebDriver.java:552)
	at org.openqa.selenium.remote.RemoteWebDriver.findElement(RemoteWebDriver.java:323)
	at org.openqa.selenium.remote.RemoteWebDriver.findElementByXPath(RemoteWebDriver.java:428)
	at org.openqa.selenium.By$ByXPath.findElement(By.java:353)
	at org.openqa.selenium.remote.RemoteWebDriver.findElement(RemoteWebDriver.java:315)
	at org.openqa.selenium.support.pagefactory.DefaultElementLocator.findElement(DefaultElementLocator.java:69)
	at org.openqa.selenium.support.pagefactory.internal.LocatingElementHandler.invoke(LocatingElementHandler.java:38)
	at com.sun.proxy.$Proxy25.click(Unknown Source)
	at tmobile.TMobileHomePage.checkNewBox(TMobileHomePage.java:176)
	at stepDefinitions.TMobilePageStepDefinitions.i_click_on_new_check_box(TMobilePageStepDefinitions.java:132)
	at ✽.I click on New check Box(file:///C:/Users/Owner/IdeaProjects/BDDWebAutomation_Team2/T-Mobile/src/test/java/features/TMobileBackground.feature:40)

  Then I verify New Phones is appear properly                              # stepDefinitions.TMobilePageStepDefinitions.i_verify_new_phones_is_appear_properly()
      org.openqa.selenium.NoSuchSessionException: Session ID is null. Using WebDriver after calling quit()?
Build info: version: '3.141.59', revision: 'e82be7d358', time: '2018-11-14T08:17:03'
System info: host: 'DESKTOP-UEN12UN', ip: '192.168.191.1', os.name: 'Windows 10', os.arch: 'amd64', os.version: '10.0', java.version: '15'
Driver info: driver.version: RemoteWebDriver
	at org.openqa.selenium.remote.HttpCommandExecutor.execute(HttpCommandExecutor.java:125)
	at org.openqa.selenium.remote.service.DriverCommandExecutor.execute(DriverCommandExecutor.java:83)
	at org.openqa.selenium.remote.RemoteWebDriver.execute(RemoteWebDriver.java:552)
	at org.openqa.selenium.remote.RemoteWebDriver.execute(RemoteWebDriver.java:609)
	at org.openqa.selenium.remote.RemoteWebDriver.getScreenshotAs(RemoteWebDriver.java:295)
	at stepDefinitions.TMobilePageStepDefinitions.tearDown(TMobilePageStepDefinitions.java:30)


@Test
Scenario: T-Mobile Cases And Cavers functionality check with valid product # src/test/java/features/TMobileBackground.feature:45
  Given I am at T-Mobile Home Page                                         # stepDefinitions.TMobilePageStepDefinitions.i_am_at_t_mobile_home_page()
  When I click on Phones And Devices                                       # stepDefinitions.TMobilePageStepDefinitions.i_click_on_phones_and_devices()
  And I hover Plans                                                        # stepDefinitions.TMobilePageStepDefinitions.i_hover_plans()
  When I click on Essentials                                               # stepDefinitions.TMobilePageStepDefinitions.i_click_on_essentials()
  Then I verify Essentials is appear properly                              # stepDefinitions.TMobilePageStepDefinitions.i_verify_essentials_is_appear_properly()

@Test
Scenario: T-Mobile Cases And Cavers functionality check with valid product # src/test/java/features/TMobileBackground.feature:51
  Given I am at T-Mobile Home Page                                         # stepDefinitions.TMobilePageStepDefinitions.i_am_at_t_mobile_home_page()
  When I click on Phones And Devices                                       # stepDefinitions.TMobilePageStepDefinitions.i_click_on_phones_and_devices()
  And I hover Phones and Devices                                           # stepDefinitions.TMobilePageStepDefinitions.i_hover_phones_and_devices()
      org.openqa.selenium.TimeoutException: Expected condition failed: waiting for visibility of element located by By.xpath: //*[@id="nav-link-contaniner-1"]/div/div/div/a[6] (tried for 5 second(s) with 500 milliseconds interval)
Build info: version: '3.141.59', revision: 'e82be7d358', time: '2018-11-14T08:17:03'
System info: host: 'DESKTOP-UEN12UN', ip: '192.168.191.1', os.name: 'Windows 10', os.arch: 'amd64', os.version: '10.0', java.version: '15'
Driver info: org.openqa.selenium.chrome.ChromeDriver
Capabilities {acceptInsecureCerts: false, browserName: chrome, browserVersion: 87.0.4280.66, chrome: {chromedriverVersion: 86.0.4240.22 (398b0743353ff..., userDataDir: C:\Users\Owner\AppData\Loca...}, goog:chromeOptions: {debuggerAddress: localhost:50728}, javascriptEnabled: true, networkConnectionEnabled: false, pageLoadStrategy: normal, platform: WINDOWS, platformName: WINDOWS, proxy: Proxy(), setWindowRect: true, strictFileInteractability: false, timeouts: {implicit: 0, pageLoad: 300000, script: 30000}, unhandledPromptBehavior: dismiss and notify, webauthn:virtualAuthenticators: true}
Session ID: b71b22f8c3de9b71ebfc242360412e32
	at org.openqa.selenium.support.ui.WebDriverWait.timeoutException(WebDriverWait.java:95)
	at org.openqa.selenium.support.ui.FluentWait.until(FluentWait.java:272)
	at tmobile.TMobileHomePage.phonesAndDevicesHover(TMobileHomePage.java:257)
	at stepDefinitions.TMobilePageStepDefinitions.i_hover_phones_and_devices(TMobilePageStepDefinitions.java:292)
	at ✽.I hover Phones and Devices(file:///C:/Users/Owner/IdeaProjects/BDDWebAutomation_Team2/T-Mobile/src/test/java/features/TMobileBackground.feature:52)

  When I click on Bring your own phone                                     # stepDefinitions.TMobilePageStepDefinitions.i_click_on_bring_your_own_phone()
  Then I verify Bring your own phone is appear properly                    # stepDefinitions.TMobilePageStepDefinitions.i_verify_bring_your_own_phone_is_appear_properly()
      org.openqa.selenium.NoSuchSessionException: Session ID is null. Using WebDriver after calling quit()?
Build info: version: '3.141.59', revision: 'e82be7d358', time: '2018-11-14T08:17:03'
System info: host: 'DESKTOP-UEN12UN', ip: '192.168.191.1', os.name: 'Windows 10', os.arch: 'amd64', os.version: '10.0', java.version: '15'
Driver info: driver.version: RemoteWebDriver
	at org.openqa.selenium.remote.HttpCommandExecutor.execute(HttpCommandExecutor.java:125)
	at org.openqa.selenium.remote.service.DriverCommandExecutor.execute(DriverCommandExecutor.java:83)
	at org.openqa.selenium.remote.RemoteWebDriver.execute(RemoteWebDriver.java:552)
	at org.openqa.selenium.remote.RemoteWebDriver.execute(RemoteWebDriver.java:609)
	at org.openqa.selenium.remote.RemoteWebDriver.getScreenshotAs(RemoteWebDriver.java:295)
	at stepDefinitions.TMobilePageStepDefinitions.tearDown(TMobilePageStepDefinitions.java:30)


@Test
Scenario: T-Mobile Cases And Cavers functionality check with valid product # src/test/java/features/TMobileBackground.feature:57
  Given I am at T-Mobile Home Page                                         # stepDefinitions.TMobilePageStepDefinitions.i_am_at_t_mobile_home_page()
  When I click on Phones And Devices                                       # stepDefinitions.TMobilePageStepDefinitions.i_click_on_phones_and_devices()
  And I hover Phones and Devices                                           # stepDefinitions.TMobilePageStepDefinitions.i_hover_phones_and_devices()
  When I click on Bring your own phone                                     # stepDefinitions.TMobilePageStepDefinitions.i_click_on_bring_your_own_phone()
  Then I verify Bring your own phone is appear properly                    # stepDefinitions.TMobilePageStepDefinitions.i_verify_bring_your_own_phone_is_appear_properly()

@Test
Scenario: T-Mobile Plans functionality check with valid credential # src/test/java/features/TMobileHomePage.feature:7
  Given I am at T-Mobile Home Page                                 # stepDefinitions.TMobilePageStepDefinitions.i_am_at_t_mobile_home_page()
  When I click on Cell Phones                                      # stepDefinitions.TMobilePageStepDefinitions.i_click_on_cell_phones()
  Then I verify Phones is exist                                    # stepDefinitions.TMobilePageStepDefinitions.i_verify_phones_is_exist()

@Test
Scenario: T-Mobile Plans functionality check with valid credential # src/test/java/features/TMobileHomePage.feature:13
  Given I am at T-Mobile Home Page                                 # stepDefinitions.TMobilePageStepDefinitions.i_am_at_t_mobile_home_page()
  When I click on Phones And Devices                               # stepDefinitions.TMobilePageStepDefinitions.i_click_on_phones_and_devices()
  And I click on Tablets and devices                               # stepDefinitions.TMobilePageStepDefinitions.i_click_on_tablets_and_devices()
  Then I verify Tablets and devices is appear properly             # stepDefinitions.TMobilePageStepDefinitions.i_verify_tablets_and_devices_is_appear_properly()

@Test
Scenario: T-Mobile Plans functionality check with valid credential # src/test/java/features/TMobileHomePage.feature:20
  Given I am at T-Mobile Home Page                                 # stepDefinitions.TMobilePageStepDefinitions.i_am_at_t_mobile_home_page()
  When I click on Phones And Devices                               # stepDefinitions.TMobilePageStepDefinitions.i_click_on_phones_and_devices()
  And I click on Smart Watches                                     # stepDefinitions.TMobilePageStepDefinitions.i_click_on_smart_watches()
  Then I verify Smart Watches is appear properly                   # stepDefinitions.TMobilePageStepDefinitions.i_verify_smart_watches_is_appear_properly()

@Test
Scenario: T-Mobile SearchBox functionality check with valid product # src/test/java/features/TMobileHomePage.feature:27
  Given I am at T-Mobile And Prepaid Home Page                      # stepDefinitions.TMobilePageStepDefinitions.i_am_at_t_mobile_and_prepaid_home_page()
  And I open search Box                                             # stepDefinitions.TMobilePageStepDefinitions.i_open_search_box()
  And I enter headset in search box                                 # stepDefinitions.TMobilePageStepDefinitions.i_enter_headset_in_search_box()
  When I click on Search Button                                     # stepDefinitions.TMobilePageStepDefinitions.i_click_on_search_button()
  And I inspect headset                                             # stepDefinitions.TMobilePageStepDefinitions.iInspectHeadset()
  Then I verify headset is appear properly                          # stepDefinitions.TMobilePageStepDefinitions.i_verify_headset_is_appear_properly()
      org.junit.ComparisonFailure: Search Item not match expected:<laptop [LG]> but was:<laptop [(61)]>
	at org.junit.Assert.assertEquals(Assert.java:117)
	at tmobile.TMobileHomePage.validateSearchText(TMobileHomePage.java:122)
	at stepDefinitions.TMobilePageStepDefinitions.i_verify_headset_is_appear_properly(TMobilePageStepDefinitions.java:212)
	at ✽.I verify headset is appear properly(file:///C:/Users/Owner/IdeaProjects/BDDWebAutomation_Team2/T-Mobile/src/test/java/features/TMobileHomePage.feature:33)

      org.openqa.selenium.NoSuchSessionException: Session ID is null. Using WebDriver after calling quit()?
Build info: version: '3.141.59', revision: 'e82be7d358', time: '2018-11-14T08:17:03'
System info: host: 'DESKTOP-UEN12UN', ip: '192.168.191.1', os.name: 'Windows 10', os.arch: 'amd64', os.version: '10.0', java.version: '15'
Driver info: driver.version: RemoteWebDriver
	at org.openqa.selenium.remote.HttpCommandExecutor.execute(HttpCommandExecutor.java:125)
	at org.openqa.selenium.remote.service.DriverCommandExecutor.execute(DriverCommandExecutor.java:83)
	at org.openqa.selenium.remote.RemoteWebDriver.execute(RemoteWebDriver.java:552)
	at org.openqa.selenium.remote.RemoteWebDriver.execute(RemoteWebDriver.java:609)
	at org.openqa.selenium.remote.RemoteWebDriver.getScreenshotAs(RemoteWebDriver.java:295)
	at stepDefinitions.TMobilePageStepDefinitions.tearDown(TMobilePageStepDefinitions.java:30)


@Test
Scenario: T-Mobile SearchBox functionality check with valid product # src/test/java/features/TMobileHomePage.feature:36
  Given I am at T-Mobile And Prepaid Home Page                      # stepDefinitions.TMobilePageStepDefinitions.i_am_at_t_mobile_and_prepaid_home_page()
  And I open search Box                                             # stepDefinitions.TMobilePageStepDefinitions.i_open_search_box()
  And I enter samsung galaxy 11 in search box                       # stepDefinitions.TMobilePageStepDefinitions.i_enter_samsung_galaxy_in_search_box(java.lang.Integer)
  When I click on Search Button                                     # stepDefinitions.TMobilePageStepDefinitions.i_click_on_search_button()
  And I inspect on samsung galaxy 11                                # stepDefinitions.TMobilePageStepDefinitions.iInspect_on_samsung_galaxy()
  Then I verify samsung galaxy 11 is appear properly                # stepDefinitions.TMobilePageStepDefinitions.i_verify_samsung_galaxy_is_appear_properly(java.lang.Integer)
      org.junit.ComparisonFailure: Search Item not match expected:<samsung galaxy [11 (181])> but was:<samsung galaxy [note 20 ultra (66])>
	at org.junit.Assert.assertEquals(Assert.java:117)
	at tmobile.TMobileHomePage.validateSearchText1(TMobileHomePage.java:138)
	at stepDefinitions.TMobilePageStepDefinitions.i_verify_samsung_galaxy_is_appear_properly(TMobilePageStepDefinitions.java:256)
	at ✽.I verify samsung galaxy 11 is appear properly(file:///C:/Users/Owner/IdeaProjects/BDDWebAutomation_Team2/T-Mobile/src/test/java/features/TMobileHomePage.feature:42)

      org.openqa.selenium.NoSuchSessionException: Session ID is null. Using WebDriver after calling quit()?
Build info: version: '3.141.59', revision: 'e82be7d358', time: '2018-11-14T08:17:03'
System info: host: 'DESKTOP-UEN12UN', ip: '192.168.191.1', os.name: 'Windows 10', os.arch: 'amd64', os.version: '10.0', java.version: '15'
Driver info: driver.version: RemoteWebDriver
	at org.openqa.selenium.remote.HttpCommandExecutor.execute(HttpCommandExecutor.java:125)
	at org.openqa.selenium.remote.service.DriverCommandExecutor.execute(DriverCommandExecutor.java:83)
	at org.openqa.selenium.remote.RemoteWebDriver.execute(RemoteWebDriver.java:552)
	at org.openqa.selenium.remote.RemoteWebDriver.execute(RemoteWebDriver.java:609)
	at org.openqa.selenium.remote.RemoteWebDriver.getScreenshotAs(RemoteWebDriver.java:295)
	at stepDefinitions.TMobilePageStepDefinitions.tearDown(TMobilePageStepDefinitions.java:30)


@Test
Scenario: T-Mobile Cases And Cavers functionality check with valid product                    # src/test/java/features/TMobileHomePage.feature:58
  Given I am at T-Mobile Home Page                                                            # stepDefinitions.TMobilePageStepDefinitions.i_am_at_t_mobile_home_page()
  And I click on Phones And Devices                                                           # stepDefinitions.TMobilePageStepDefinitions.i_click_on_phones_and_devices()
  When I hover SortBy                                                                         # stepDefinitions.TMobilePageStepDefinitions.i_hover_sort_by()
  And I check Price Low to High                                                               # stepDefinitions.TMobilePageStepDefinitions.i_check_price_low_to_high()
  Then I verify Price Low to High is appear properly                                          # stepDefinitions.TMobilePageStepDefinitions.i_verify_price_low_to_high_is_appear_properly()
  And I verify page title as Cell Phones & Smartphones Shop the Newest Mobile Phones T-Mobile # stepDefinitions.TMobilePageStepDefinitions.i_verify_page_title_as_cell_phones_smartphones_shop_the_newest_mobile_phones_t_mobile()

@Test
Scenario: TMobile home page active check links # src/test/java/features/TMobileHomePage.feature:82
  Given I am at T-Mobile Home Page             # stepDefinitions.TMobilePageStepDefinitions.i_am_at_t_mobile_home_page()
  Then I verify all active links               # stepDefinitions.TMobilePageStepDefinitions.iVerifyAllActiveLinks()

@Test
Scenario: T-Mobile Deals functionality check with valid credential # src/test/java/features/TMobileHomePage.feature:87
  Given I am at T-Mobile Home Page                                 # stepDefinitions.TMobilePageStepDefinitions.i_am_at_t_mobile_home_page()
  And I hover on Deals                                             # stepDefinitions.TMobilePageStepDefinitions.i_hover_on_deals()
  When I click on Samsung                                          # stepDefinitions.TMobilePageStepDefinitions.i_click_on_samsung()
  Then I verify Samsung is appear properly                         # stepDefinitions.TMobilePageStepDefinitions.i_verify_samsung_is_appear_properly()

@Test
Scenario: T-Mobile mouseHover functionality check with valid credential # src/test/java/features/TMobileHomePage.feature:94
  Given I am at T-Mobile And business Home Page                         # stepDefinitions.TMobilePageStepDefinitions.i_am_at_t_mobile_and_business_home_page()
  And I hover On business solutions                                     # stepDefinitions.TMobilePageStepDefinitions.i_hover_on_business_solutions()
  When I click on trends and insights                                   # stepDefinitions.TMobilePageStepDefinitions.i_click_on_trends_and_insights()
  Then I verify trends and insights is appear properly                  # stepDefinitions.TMobilePageStepDefinitions.i_verify_trends_and_insights_is_appear_properly()
  But I should not see success stories                                  # stepDefinitions.TMobilePageStepDefinitions.i_should_not_see_success_stories()

@Test
Scenario: T-Mobile hover functionality check with valid credential # src/test/java/features/TMobileHomePage.feature:103
  Given I am at T-Mobile And business Home Page                    # stepDefinitions.TMobilePageStepDefinitions.i_am_at_t_mobile_and_business_home_page()
  And I hover contact us                                           # stepDefinitions.TMobilePageStepDefinitions.i_hover_contact_us()
  When I click on get help                                         # stepDefinitions.TMobilePageStepDefinitions.i_click_on_get_help()
  Then I verify popup window make a call is appear properly        # stepDefinitions.TMobilePageStepDefinitions.i_verify_popup_window_make_a_call_is_appear_properly()

@Test
Scenario: T-Mobile hover functionality check with valid credential # src/test/java/features/TMobileHomePage.feature:110
  Given I am at T-Mobile And business Home Page                    # stepDefinitions.TMobilePageStepDefinitions.i_am_at_t_mobile_and_business_home_page()
  And I hover On business                                          # stepDefinitions.TMobilePageStepDefinitions.i_hover_on_business()
  When I click on HealthCare                                       # stepDefinitions.TMobilePageStepDefinitions.i_click_on_health_care()
  Then I verify HealthCare is appear properly                      # stepDefinitions.TMobilePageStepDefinitions.i_verify_health_care_is_appear_properly()

@Test
Scenario: T-Mobile hover functionality check with valid credential # src/test/java/features/TMobileHomePage.feature:117
  Given I am at T-Mobile And business Home Page                    # stepDefinitions.TMobilePageStepDefinitions.i_am_at_t_mobile_and_business_home_page()
  And I hover On business And solutions                            # stepDefinitions.TMobilePageStepDefinitions.i_hover_on_business_and_solutions()
  When I click education                                           # stepDefinitions.TMobilePageStepDefinitions.i_click_education()
  Then I verify education is appear properly                       # stepDefinitions.TMobilePageStepDefinitions.i_verify_education_is_appear_properly()

@Test
Scenario: T-Mobile hover functionality check with valid credential # src/test/java/features/TMobileHomePage.feature:124
  Given I am at T-Mobile And business Home Page                    # stepDefinitions.TMobilePageStepDefinitions.i_am_at_t_mobile_and_business_home_page()
  And I hover On business And solution                             # stepDefinitions.TMobilePageStepDefinitions.i_hover_on_business_and_solution()
  When I click Fleet Management                                    # stepDefinitions.TMobilePageStepDefinitions.i_click_fleet_management()
  Then I verify FLEET MANAGEMENT SOLUTIONS is appear properly      # stepDefinitions.TMobilePageStepDefinitions.i_verify_fleet_management_solutions_is_appear_properly()

@Test
Scenario: T-Mobile hover functionality check with valid credential # src/test/java/features/TMobileHomePage.feature:131
  Given I am at T-Mobile And business Home Page                    # stepDefinitions.TMobilePageStepDefinitions.i_am_at_t_mobile_and_business_home_page()
  And I hover On Plan                                              # stepDefinitions.TMobilePageStepDefinitions.i_hover_on_plan()
      org.openqa.selenium.json.JsonException: java.lang.reflect.InvocationTargetException
Build info: version: '3.141.59', revision: 'e82be7d358', time: '2018-11-14T08:17:03'
System info: host: 'DESKTOP-UEN12UN', ip: '192.168.191.1', os.name: 'Windows 10', os.arch: 'amd64', os.version: '10.0', java.version: '15'
Driver info: driver.version: RemoteWebDriver
	at org.openqa.selenium.json.JsonOutput.convertUsingMethod(JsonOutput.java:332)
	at org.openqa.selenium.json.JsonOutput.lambda$new$16(JsonOutput.java:155)
	at org.openqa.selenium.json.JsonOutput.write(JsonOutput.java:264)
	at org.openqa.selenium.json.JsonOutput.lambda$null$21(JsonOutput.java:168)
	at java.base/java.util.LinkedHashMap$LinkedValues.forEach(LinkedHashMap.java:647)
	at org.openqa.selenium.json.JsonOutput.lambda$new$22(JsonOutput.java:168)
	at org.openqa.selenium.json.JsonOutput.write(JsonOutput.java:264)
	at org.openqa.selenium.json.JsonOutput.lambda$null$23(JsonOutput.java:177)
	at com.google.common.collect.SingletonImmutableBiMap.forEach(SingletonImmutableBiMap.java:65)
	at org.openqa.selenium.json.JsonOutput.lambda$new$24(JsonOutput.java:176)
	at org.openqa.selenium.json.JsonOutput.write(JsonOutput.java:264)
	at org.openqa.selenium.json.JsonOutput.write(JsonOutput.java:255)
	at org.openqa.selenium.json.Json.toJson(Json.java:42)
	at org.openqa.selenium.remote.http.AbstractHttpCommandCodec.encode(AbstractHttpCommandCodec.java:227)
	at org.openqa.selenium.remote.http.AbstractHttpCommandCodec.encode(AbstractHttpCommandCodec.java:117)
	at org.openqa.selenium.remote.HttpCommandExecutor.execute(HttpCommandExecutor.java:152)
	at org.openqa.selenium.remote.service.DriverCommandExecutor.execute(DriverCommandExecutor.java:83)
	at org.openqa.selenium.remote.RemoteWebDriver.execute(RemoteWebDriver.java:552)
	at org.openqa.selenium.remote.RemoteWebDriver.perform(RemoteWebDriver.java:618)
	at org.openqa.selenium.interactions.Actions$BuiltAction.perform(Actions.java:639)
	at org.openqa.selenium.interactions.Actions.perform(Actions.java:595)
	at tmobile.TMobileHomePage.hoverOnPlan(TMobileHomePage.java:372)
	at stepDefinitions.TMobilePageStepDefinitions.i_hover_on_plan(TMobilePageStepDefinitions.java:396)
	at ✽.I hover On Plan(file:///C:/Users/Owner/IdeaProjects/BDDWebAutomation_Team2/T-Mobile/src/test/java/features/TMobileHomePage.feature:133)
	Suppressed: org.openqa.selenium.json.JsonException: Attempting to close incomplete json stream
Build info: version: '3.141.59', revision: 'e82be7d358', time: '2018-11-14T08:17:03'
System info: host: 'DESKTOP-UEN12UN', ip: '192.168.191.1', os.name: 'Windows 10', os.arch: 'amd64', os.version: '10.0', java.version: '15'
Driver info: driver.version: RemoteWebDriver
		at org.openqa.selenium.json.JsonOutput.close(JsonOutput.java:279)
		at org.openqa.selenium.json.Json.toJson(Json.java:44)
		at org.openqa.selenium.remote.http.AbstractHttpCommandCodec.encode(AbstractHttpCommandCodec.java:227)
		at org.openqa.selenium.remote.http.AbstractHttpCommandCodec.encode(AbstractHttpCommandCodec.java:117)
		at org.openqa.selenium.remote.HttpCommandExecutor.execute(HttpCommandExecutor.java:152)
		at org.openqa.selenium.remote.service.DriverCommandExecutor.execute(DriverCommandExecutor.java:83)
		at org.openqa.selenium.remote.RemoteWebDriver.execute(RemoteWebDriver.java:552)
		at org.openqa.selenium.remote.RemoteWebDriver.perform(RemoteWebDriver.java:618)
		at org.openqa.selenium.interactions.Actions$BuiltAction.perform(Actions.java:639)
		at org.openqa.selenium.interactions.Actions.perform(Actions.java:595)
		at tmobile.TMobileHomePage.hoverOnPlan(TMobileHomePage.java:372)
		at stepDefinitions.TMobilePageStepDefinitions.i_hover_on_plan(TMobilePageStepDefinitions.java:396)
		at java.base/jdk.internal.reflect.NativeMethodAccessorImpl.invoke0(Native Method)
		at java.base/jdk.internal.reflect.NativeMethodAccessorImpl.invoke(NativeMethodAccessorImpl.java:64)
		at java.base/jdk.internal.reflect.DelegatingMethodAccessorImpl.invoke(DelegatingMethodAccessorImpl.java:43)
		at java.base/java.lang.reflect.Method.invoke(Method.java:564)
		at io.cucumber.java.Invoker.doInvoke(Invoker.java:66)
		at io.cucumber.java.Invoker.invoke(Invoker.java:24)
		at io.cucumber.java.AbstractGlueDefinition.invokeMethod(AbstractGlueDefinition.java:47)
		at io.cucumber.java.JavaStepDefinition.execute(JavaStepDefinition.java:29)
		at io.cucumber.core.runner.CoreStepDefinition.execute(CoreStepDefinition.java:66)
		at io.cucumber.core.runner.PickleStepDefinitionMatch.runStep(PickleStepDefinitionMatch.java:63)
		at io.cucumber.core.runner.ExecutionMode$1.execute(ExecutionMode.java:10)
		at io.cucumber.core.runner.TestStep.executeStep(TestStep.java:92)
		at io.cucumber.core.runner.TestStep.run(TestStep.java:64)
		at io.cucumber.core.runner.PickleStepTestStep.run(PickleStepTestStep.java:51)
		at io.cucumber.core.runner.TestCase.run(TestCase.java:104)
		at io.cucumber.core.runner.Runner.runPickle(Runner.java:71)
		at io.cucumber.junit.PickleRunners$NoStepDescriptions.run(PickleRunners.java:151)
		at io.cucumber.junit.FeatureRunner.runChild(FeatureRunner.java:135)
		at io.cucumber.junit.FeatureRunner.runChild(FeatureRunner.java:27)
		at org.junit.runners.ParentRunner$4.run(ParentRunner.java:331)
		at org.junit.runners.ParentRunner$1.schedule(ParentRunner.java:79)
		at org.junit.runners.ParentRunner.runChildren(ParentRunner.java:329)
		at org.junit.runners.ParentRunner.access$100(ParentRunner.java:66)
		at org.junit.runners.ParentRunner$2.evaluate(ParentRunner.java:293)
		at org.junit.runners.ParentRunner$3.evaluate(ParentRunner.java:306)
		at org.junit.runners.ParentRunner.run(ParentRunner.java:413)
		at io.cucumber.junit.Cucumber.runChild(Cucumber.java:199)
		at io.cucumber.junit.Cucumber.runChild(Cucumber.java:90)
		at org.junit.runners.ParentRunner$4.run(ParentRunner.java:331)
		at org.junit.runners.ParentRunner$1.schedule(ParentRunner.java:79)
		at org.junit.runners.ParentRunner.runChildren(ParentRunner.java:329)
		at org.junit.runners.ParentRunner.access$100(ParentRunner.java:66)
		at org.junit.runners.ParentRunner$2.evaluate(ParentRunner.java:293)
		at io.cucumber.junit.Cucumber$RunCucumber.evaluate(Cucumber.java:234)
		at org.junit.runners.ParentRunner$3.evaluate(ParentRunner.java:306)
		at org.junit.runners.ParentRunner.run(ParentRunner.java:413)
		at org.junit.runner.JUnitCore.run(JUnitCore.java:137)
		at com.intellij.junit4.JUnit4IdeaTestRunner.startRunnerWithArgs(JUnit4IdeaTestRunner.java:69)
		at com.intellij.rt.junit.IdeaTestRunner$Repeater.startRunnerWithArgs(IdeaTestRunner.java:33)
		at com.intellij.rt.junit.JUnitStarter.prepareStreamsAndStart(JUnitStarter.java:220)
		at com.intellij.rt.junit.JUnitStarter.main(JUnitStarter.java:53)
Caused by: java.lang.reflect.InvocationTargetException
	at java.base/jdk.internal.reflect.NativeMethodAccessorImpl.invoke0(Native Method)
	at java.base/jdk.internal.reflect.NativeMethodAccessorImpl.invoke(NativeMethodAccessorImpl.java:64)
	at java.base/jdk.internal.reflect.DelegatingMethodAccessorImpl.invoke(DelegatingMethodAccessorImpl.java:43)
	at java.base/java.lang.reflect.Method.invoke(Method.java:564)
	at org.openqa.selenium.json.JsonOutput.convertUsingMethod(JsonOutput.java:328)
	at org.openqa.selenium.json.JsonOutput.lambda$new$16(JsonOutput.java:155)
	at org.openqa.selenium.json.JsonOutput.write(JsonOutput.java:264)
	at org.openqa.selenium.json.JsonOutput.lambda$null$21(JsonOutput.java:168)
	at java.base/java.util.LinkedHashMap$LinkedValues.forEach(LinkedHashMap.java:647)
	at org.openqa.selenium.json.JsonOutput.lambda$new$22(JsonOutput.java:168)
	at org.openqa.selenium.json.JsonOutput.write(JsonOutput.java:264)
	at org.openqa.selenium.json.JsonOutput.lambda$null$23(JsonOutput.java:177)
	at com.google.common.collect.SingletonImmutableBiMap.forEach(SingletonImmutableBiMap.java:65)
	at org.openqa.selenium.json.JsonOutput.lambda$new$24(JsonOutput.java:176)
	at org.openqa.selenium.json.JsonOutput.write(JsonOutput.java:264)
	at org.openqa.selenium.json.JsonOutput.write(JsonOutput.java:255)
	at org.openqa.selenium.json.Json.toJson(Json.java:42)
	at org.openqa.selenium.remote.http.AbstractHttpCommandCodec.encode(AbstractHttpCommandCodec.java:227)
	at org.openqa.selenium.remote.http.AbstractHttpCommandCodec.encode(AbstractHttpCommandCodec.java:117)
	at org.openqa.selenium.remote.HttpCommandExecutor.execute(HttpCommandExecutor.java:152)
	at org.openqa.selenium.remote.service.DriverCommandExecutor.execute(DriverCommandExecutor.java:83)
	at org.openqa.selenium.remote.RemoteWebDriver.execute(RemoteWebDriver.java:552)
	at org.openqa.selenium.remote.RemoteWebDriver.perform(RemoteWebDriver.java:618)
	at org.openqa.selenium.interactions.Actions$BuiltAction.perform(Actions.java:639)
	at org.openqa.selenium.interactions.Actions.perform(Actions.java:595)
	at tmobile.TMobileHomePage.hoverOnPlan(TMobileHomePage.java:372)
	at stepDefinitions.TMobilePageStepDefinitions.i_hover_on_plan(TMobilePageStepDefinitions.java:396)
	at java.base/jdk.internal.reflect.NativeMethodAccessorImpl.invoke0(Native Method)
	at java.base/jdk.internal.reflect.NativeMethodAccessorImpl.invoke(NativeMethodAccessorImpl.java:64)
	at java.base/jdk.internal.reflect.DelegatingMethodAccessorImpl.invoke(DelegatingMethodAccessorImpl.java:43)
	at java.base/java.lang.reflect.Method.invoke(Method.java:564)
	at io.cucumber.java.Invoker.doInvoke(Invoker.java:66)
	at io.cucumber.java.Invoker.invoke(Invoker.java:24)
	at io.cucumber.java.AbstractGlueDefinition.invokeMethod(AbstractGlueDefinition.java:47)
	at io.cucumber.java.JavaStepDefinition.execute(JavaStepDefinition.java:29)
	at io.cucumber.core.runner.CoreStepDefinition.execute(CoreStepDefinition.java:66)
	at io.cucumber.core.runner.PickleStepDefinitionMatch.runStep(PickleStepDefinitionMatch.java:63)
	at io.cucumber.core.runner.ExecutionMode$1.execute(ExecutionMode.java:10)
	at io.cucumber.core.runner.TestStep.executeStep(TestStep.java:92)
	at io.cucumber.core.runner.TestStep.run(TestStep.java:64)
	at io.cucumber.core.runner.PickleStepTestStep.run(PickleStepTestStep.java:51)
	at io.cucumber.core.runner.TestCase.run(TestCase.java:104)
	at io.cucumber.core.runner.Runner.runPickle(Runner.java:71)
	at io.cucumber.junit.PickleRunners$NoStepDescriptions.run(PickleRunners.java:151)
	at io.cucumber.junit.FeatureRunner.runChild(FeatureRunner.java:135)
	at io.cucumber.junit.FeatureRunner.runChild(FeatureRunner.java:27)
	at org.junit.runners.ParentRunner$4.run(ParentRunner.java:331)
	at org.junit.runners.ParentRunner$1.schedule(ParentRunner.java:79)
	at org.junit.runners.ParentRunner.runChildren(ParentRunner.java:329)
	at org.junit.runners.ParentRunner.access$100(ParentRunner.java:66)
	at org.junit.runners.ParentRunner$2.evaluate(ParentRunner.java:293)
	at org.junit.runners.ParentRunner$3.evaluate(ParentRunner.java:306)
	at org.junit.runners.ParentRunner.run(ParentRunner.java:413)
	at io.cucumber.junit.Cucumber.runChild(Cucumber.java:199)
	at io.cucumber.junit.Cucumber.runChild(Cucumber.java:90)
	at org.junit.runners.ParentRunner$4.run(ParentRunner.java:331)
	at org.junit.runners.ParentRunner$1.schedule(ParentRunner.java:79)
	at org.junit.runners.ParentRunner.runChildren(ParentRunner.java:329)
	at org.junit.runners.ParentRunner.access$100(ParentRunner.java:66)
	at org.junit.runners.ParentRunner$2.evaluate(ParentRunner.java:293)
	at io.cucumber.junit.Cucumber$RunCucumber.evaluate(Cucumber.java:234)
	at org.junit.runners.ParentRunner$3.evaluate(ParentRunner.java:306)
	at org.junit.runners.ParentRunner.run(ParentRunner.java:413)
	at org.junit.runner.JUnitCore.run(JUnitCore.java:137)
	at com.intellij.junit4.JUnit4IdeaTestRunner.startRunnerWithArgs(JUnit4IdeaTestRunner.java:69)
	at com.intellij.rt.junit.IdeaTestRunner$Repeater.startRunnerWithArgs(IdeaTestRunner.java:33)
	at com.intellij.rt.junit.JUnitStarter.prepareStreamsAndStart(JUnitStarter.java:220)
	at com.intellij.rt.junit.JUnitStarter.main(JUnitStarter.java:53)
Caused by: org.openqa.selenium.NoSuchElementException: no such element: Unable to locate element: {"method":"css selector","selector":"div.wrapper:nth-child(23) div.iparys_inherited div.enterprise-unav-header-component.iparsys.parsys div.enterprise-unav-header.section tmo-digital-header.ng-tns-c64-0:nth-child(1) div.ng-tns-c64-0.ng-star-inserted header.ntm-navbar.ng-tns-c64-0.ntm-navbar--dark:nth-child(1) div.ng-tns-c64-0 div.ntm-navbar__menu-bar.ng-tns-c64-0 div.navbar__collapse.navbar__collapse--default-menu.ng-tns-c64-0.notSticky.ng-trigger.ng-trigger-centerX:nth-child(3) div.navbar__collapse--slide.ng-tns-c64-0 div.navbar__collapse--container.ng-tns-c64-0.ng-star-inserted:nth-child(1) tmo-unav-dropdown-container.ng-tns-c64-0 div.ntm-navbar__nav.ntm-navbar__nav--left tmo-unav-dropdown.ng-tns-c61-7.ng-tns-c64-0.ntm-navbar--dark.ng-star-inserted > div.navbar__item.ng-tns-c61-7.tmo"}
  (Session info: chrome=87.0.4280.66)
For documentation on this error, please visit: https://www.seleniumhq.org/exceptions/no_such_element.html
Build info: version: '3.141.59', revision: 'e82be7d358', time: '2018-11-14T08:17:03'
System info: host: 'DESKTOP-UEN12UN', ip: '192.168.191.1', os.name: 'Windows 10', os.arch: 'amd64', os.version: '10.0', java.version: '15'
Driver info: org.openqa.selenium.chrome.ChromeDriver
Capabilities {acceptInsecureCerts: false, browserName: chrome, browserVersion: 87.0.4280.66, chrome: {chromedriverVersion: 86.0.4240.22 (398b0743353ff..., userDataDir: C:\Users\Owner\AppData\Loca...}, goog:chromeOptions: {debuggerAddress: localhost:53397}, javascriptEnabled: true, networkConnectionEnabled: false, pageLoadStrategy: normal, platform: WINDOWS, platformName: WINDOWS, proxy: Proxy(), setWindowRect: true, strictFileInteractability: false, timeouts: {implicit: 0, pageLoad: 300000, script: 30000}, unhandledPromptBehavior: dismiss and notify, webauthn:virtualAuthenticators: true}
Session ID: 527e16b724c645d9456f3999810eedd1
*** Element info: {Using=css selector, value=div.wrapper:nth-child(23) div.iparys_inherited div.enterprise-unav-header-component.iparsys.parsys div.enterprise-unav-header.section tmo-digital-header.ng-tns-c64-0:nth-child(1) div.ng-tns-c64-0.ng-star-inserted header.ntm-navbar.ng-tns-c64-0.ntm-navbar--dark:nth-child(1) div.ng-tns-c64-0 div.ntm-navbar__menu-bar.ng-tns-c64-0 div.navbar__collapse.navbar__collapse--default-menu.ng-tns-c64-0.notSticky.ng-trigger.ng-trigger-centerX:nth-child(3) div.navbar__collapse--slide.ng-tns-c64-0 div.navbar__collapse--container.ng-tns-c64-0.ng-star-inserted:nth-child(1) tmo-unav-dropdown-container.ng-tns-c64-0 div.ntm-navbar__nav.ntm-navbar__nav--left tmo-unav-dropdown.ng-tns-c61-7.ng-tns-c64-0.ntm-navbar--dark.ng-star-inserted > div.navbar__item.ng-tns-c61-7.tmo}
	at java.base/jdk.internal.reflect.NativeConstructorAccessorImpl.newInstance0(Native Method)
	at java.base/jdk.internal.reflect.NativeConstructorAccessorImpl.newInstance(NativeConstructorAccessorImpl.java:64)
	at java.base/jdk.internal.reflect.DelegatingConstructorAccessorImpl.newInstance(DelegatingConstructorAccessorImpl.java:45)
	at java.base/java.lang.reflect.Constructor.newInstanceWithCaller(Constructor.java:500)
	at java.base/java.lang.reflect.Constructor.newInstance(Constructor.java:481)
	at org.openqa.selenium.remote.http.W3CHttpResponseCodec.createException(W3CHttpResponseCodec.java:187)
	at org.openqa.selenium.remote.http.W3CHttpResponseCodec.decode(W3CHttpResponseCodec.java:122)
	at org.openqa.selenium.remote.http.W3CHttpResponseCodec.decode(W3CHttpResponseCodec.java:49)
	at org.openqa.selenium.remote.HttpCommandExecutor.execute(HttpCommandExecutor.java:158)
	at org.openqa.selenium.remote.service.DriverCommandExecutor.execute(DriverCommandExecutor.java:83)
	at org.openqa.selenium.remote.RemoteWebDriver.execute(RemoteWebDriver.java:552)
	at org.openqa.selenium.remote.RemoteWebDriver.findElement(RemoteWebDriver.java:323)
	at org.openqa.selenium.remote.RemoteWebDriver.findElementByCssSelector(RemoteWebDriver.java:420)
	at org.openqa.selenium.By$ByCssSelector.findElement(By.java:431)
	at org.openqa.selenium.remote.RemoteWebDriver.findElement(RemoteWebDriver.java:315)
	at org.openqa.selenium.support.pagefactory.DefaultElementLocator.findElement(DefaultElementLocator.java:69)
	at org.openqa.selenium.support.pagefactory.internal.LocatingElementHandler.invoke(LocatingElementHandler.java:38)
	at com.sun.proxy.$Proxy25.getWrappedElement(Unknown Source)
	at org.openqa.selenium.interactions.PointerInput$Origin.asArg(PointerInput.java:204)
	at org.openqa.selenium.interactions.PointerInput$Move.encode(PointerInput.java:155)
	at org.openqa.selenium.interactions.Sequence.encode(Sequence.java:75)
	at org.openqa.selenium.interactions.Sequence.toJson(Sequence.java:84)
	... 68 more

  When I click on Magenta Military plan for service                # stepDefinitions.TMobilePageStepDefinitions.i_click_on_magenta_military_plan_for_service()
  Then I verify MAGENTA® MILITARY FOR BUSINESS is appear properly  # stepDefinitions.TMobilePageStepDefinitions.i_verify_magenta_military_for_business_is_appear_properly()
      org.openqa.selenium.NoSuchSessionException: Session ID is null. Using WebDriver after calling quit()?
Build info: version: '3.141.59', revision: 'e82be7d358', time: '2018-11-14T08:17:03'
System info: host: 'DESKTOP-UEN12UN', ip: '192.168.191.1', os.name: 'Windows 10', os.arch: 'amd64', os.version: '10.0', java.version: '15'
Driver info: driver.version: RemoteWebDriver
	at org.openqa.selenium.remote.HttpCommandExecutor.execute(HttpCommandExecutor.java:125)
	at org.openqa.selenium.remote.service.DriverCommandExecutor.execute(DriverCommandExecutor.java:83)
	at org.openqa.selenium.remote.RemoteWebDriver.execute(RemoteWebDriver.java:552)
	at org.openqa.selenium.remote.RemoteWebDriver.execute(RemoteWebDriver.java:609)
	at org.openqa.selenium.remote.RemoteWebDriver.getScreenshotAs(RemoteWebDriver.java:295)
	at stepDefinitions.TMobilePageStepDefinitions.tearDown(TMobilePageStepDefinitions.java:30)


@Test
Scenario: T-Mobile hover functionality check with valid credential # src/test/java/features/TMobileHomePage.feature:138
  Given I am at T-Mobile And business Home Page                    # stepDefinitions.TMobilePageStepDefinitions.i_am_at_t_mobile_and_business_home_page()
  And I hover Plan                                                 # stepDefinitions.TMobilePageStepDefinitions.i_hover_plan()
      org.openqa.selenium.TimeoutException: Expected condition failed: waiting for visibility of element located by By.cssSelector: div.wrapper:nth-child(23) div.iparys_inherited div.enterprise-unav-header-component.iparsys.parsys div.enterprise-unav-header.section tmo-digital-header.ng-tns-c64-0:nth-child(1) div.ng-tns-c64-0.ng-star-inserted header.ntm-navbar.ng-tns-c64-0.ntm-navbar--dark:nth-child(1) div.ng-tns-c64-0 div.ntm-navbar__menu-bar.ng-tns-c64-0 div.navbar__collapse.navbar__collapse--default-menu.ng-tns-c64-0.notSticky.ng-trigger.ng-trigger-centerX:nth-child(3) div.navbar__collapse--slide.ng-tns-c64-0 div.navbar__collapse--container.ng-tns-c64-0.ng-star-inserted:nth-child(1) tmo-unav-dropdown-container.ng-tns-c64-0 div.ntm-navbar__nav.ntm-navbar__nav--left tmo-unav-dropdown.ng-tns-c61-7.ng-tns-c64-0.ntm-navbar--dark.ng-star-inserted div.navbar__item.ng-tns-c61-7.tmo.is-active div.nav__link-container.ng-tns-c61-7.ng-star-inserted div.dropdown__menu.dropdown__menu--multicolum.ng-tns-c61-7.ng-trigger.ng-trigger-centerX.ng-star-inserted.is-active:nth-child(4) div.dropdown__multicolumn.ng-tns-c61-7.ng-star-inserted:nth-child(1) div.ng-tns-c61-7:nth-child(2) div.dropdown-subitems.ng-tns-c61-7.ng-star-inserted:nth-child(2) > div.main-link.ng-tns-c61-7 (tried for 5 second(s) with 500 milliseconds interval)
	at org.openqa.selenium.support.ui.WebDriverWait.timeoutException(WebDriverWait.java:95)
	at org.openqa.selenium.support.ui.FluentWait.until(FluentWait.java:272)
	at tmobile.TMobileHomePage.hoverOnPlan1(TMobileHomePage.java:392)
	at stepDefinitions.TMobilePageStepDefinitions.i_hover_plan(TMobilePageStepDefinitions.java:411)
	at ✽.I hover Plan(file:///C:/Users/Owner/IdeaProjects/BDDWebAutomation_Team2/T-Mobile/src/test/java/features/TMobileHomePage.feature:140)
Caused by: org.openqa.selenium.NoSuchElementException: no such element: Unable to locate element: {"method":"css selector","selector":"div.wrapper:nth-child(23) div.iparys_inherited div.enterprise-unav-header-component.iparsys.parsys div.enterprise-unav-header.section tmo-digital-header.ng-tns-c64-0:nth-child(1) div.ng-tns-c64-0.ng-star-inserted header.ntm-navbar.ng-tns-c64-0.ntm-navbar--dark:nth-child(1) div.ng-tns-c64-0 div.ntm-navbar__menu-bar.ng-tns-c64-0 div.navbar__collapse.navbar__collapse--default-menu.ng-tns-c64-0.notSticky.ng-trigger.ng-trigger-centerX:nth-child(3) div.navbar__collapse--slide.ng-tns-c64-0 div.navbar__collapse--container.ng-tns-c64-0.ng-star-inserted:nth-child(1) tmo-unav-dropdown-container.ng-tns-c64-0 div.ntm-navbar__nav.ntm-navbar__nav--left tmo-unav-dropdown.ng-tns-c61-7.ng-tns-c64-0.ntm-navbar--dark.ng-star-inserted div.navbar__item.ng-tns-c61-7.tmo.is-active div.nav__link-container.ng-tns-c61-7.ng-star-inserted div.dropdown__menu.dropdown__menu--multicolum.ng-tns-c61-7.ng-trigger.ng-trigger-centerX.ng-star-inserted.is-active:nth-child(4) div.dropdown__multicolumn.ng-tns-c61-7.ng-star-inserted:nth-child(1) div.ng-tns-c61-7:nth-child(2) div.dropdown-subitems.ng-tns-c61-7.ng-star-inserted:nth-child(2) > div.main-link.ng-tns-c61-7"}
  (Session info: chrome=87.0.4280.66)
For documentation on this error, please visit: https://www.seleniumhq.org/exceptions/no_such_element.html
Build info: version: '3.141.59', revision: 'e82be7d358', time: '2018-11-14T08:17:03'
System info: host: 'DESKTOP-UEN12UN', ip: '192.168.191.1', os.name: 'Windows 10', os.arch: 'amd64', os.version: '10.0', java.version: '15'
Driver info: org.openqa.selenium.chrome.ChromeDriver
Capabilities {acceptInsecureCerts: false, browserName: chrome, browserVersion: 87.0.4280.66, chrome: {chromedriverVersion: 86.0.4240.22 (398b0743353ff..., userDataDir: C:\Users\Owner\AppData\Loca...}, goog:chromeOptions: {debuggerAddress: localhost:53532}, javascriptEnabled: true, networkConnectionEnabled: false, pageLoadStrategy: normal, platform: WINDOWS, platformName: WINDOWS, proxy: Proxy(), setWindowRect: true, strictFileInteractability: false, timeouts: {implicit: 0, pageLoad: 300000, script: 30000}, unhandledPromptBehavior: dismiss and notify, webauthn:virtualAuthenticators: true}
Session ID: 91b6af550ec13ef3342e600534fea207
*** Element info: {Using=css selector, value=div.wrapper:nth-child(23) div.iparys_inherited div.enterprise-unav-header-component.iparsys.parsys div.enterprise-unav-header.section tmo-digital-header.ng-tns-c64-0:nth-child(1) div.ng-tns-c64-0.ng-star-inserted header.ntm-navbar.ng-tns-c64-0.ntm-navbar--dark:nth-child(1) div.ng-tns-c64-0 div.ntm-navbar__menu-bar.ng-tns-c64-0 div.navbar__collapse.navbar__collapse--default-menu.ng-tns-c64-0.notSticky.ng-trigger.ng-trigger-centerX:nth-child(3) div.navbar__collapse--slide.ng-tns-c64-0 div.navbar__collapse--container.ng-tns-c64-0.ng-star-inserted:nth-child(1) tmo-unav-dropdown-container.ng-tns-c64-0 div.ntm-navbar__nav.ntm-navbar__nav--left tmo-unav-dropdown.ng-tns-c61-7.ng-tns-c64-0.ntm-navbar--dark.ng-star-inserted div.navbar__item.ng-tns-c61-7.tmo.is-active div.nav__link-container.ng-tns-c61-7.ng-star-inserted div.dropdown__menu.dropdown__menu--multicolum.ng-tns-c61-7.ng-trigger.ng-trigger-centerX.ng-star-inserted.is-active:nth-child(4) div.dropdown__multicolumn.ng-tns-c61-7.ng-star-inserted:nth-child(1) div.ng-tns-c61-7:nth-child(2) div.dropdown-subitems.ng-tns-c61-7.ng-star-inserted:nth-child(2) > div.main-link.ng-tns-c61-7}
	at java.base/jdk.internal.reflect.NativeConstructorAccessorImpl.newInstance0(Native Method)
	at java.base/jdk.internal.reflect.NativeConstructorAccessorImpl.newInstance(NativeConstructorAccessorImpl.java:64)
	at java.base/jdk.internal.reflect.DelegatingConstructorAccessorImpl.newInstance(DelegatingConstructorAccessorImpl.java:45)
	at java.base/java.lang.reflect.Constructor.newInstanceWithCaller(Constructor.java:500)
	at java.base/java.lang.reflect.Constructor.newInstance(Constructor.java:481)
	at org.openqa.selenium.remote.http.W3CHttpResponseCodec.createException(W3CHttpResponseCodec.java:187)
	at org.openqa.selenium.remote.http.W3CHttpResponseCodec.decode(W3CHttpResponseCodec.java:122)
	at org.openqa.selenium.remote.http.W3CHttpResponseCodec.decode(W3CHttpResponseCodec.java:49)
	at org.openqa.selenium.remote.HttpCommandExecutor.execute(HttpCommandExecutor.java:158)
	at org.openqa.selenium.remote.service.DriverCommandExecutor.execute(DriverCommandExecutor.java:83)
	at org.openqa.selenium.remote.RemoteWebDriver.execute(RemoteWebDriver.java:552)
	at org.openqa.selenium.remote.RemoteWebDriver.findElement(RemoteWebDriver.java:323)
	at org.openqa.selenium.remote.RemoteWebDriver.findElementByCssSelector(RemoteWebDriver.java:420)
	at org.openqa.selenium.By$ByCssSelector.findElement(By.java:431)
	at org.openqa.selenium.remote.RemoteWebDriver.findElement(RemoteWebDriver.java:315)
	at org.openqa.selenium.support.ui.ExpectedConditions$7.apply(ExpectedConditions.java:205)
	at org.openqa.selenium.support.ui.ExpectedConditions$7.apply(ExpectedConditions.java:201)
	at org.openqa.selenium.support.ui.FluentWait.until(FluentWait.java:249)
	at tmobile.TMobileHomePage.hoverOnPlan1(TMobileHomePage.java:392)
	at stepDefinitions.TMobilePageStepDefinitions.i_hover_plan(TMobilePageStepDefinitions.java:411)
	at java.base/jdk.internal.reflect.NativeMethodAccessorImpl.invoke0(Native Method)
	at java.base/jdk.internal.reflect.NativeMethodAccessorImpl.invoke(NativeMethodAccessorImpl.java:64)
	at java.base/jdk.internal.reflect.DelegatingMethodAccessorImpl.invoke(DelegatingMethodAccessorImpl.java:43)
	at java.base/java.lang.reflect.Method.invoke(Method.java:564)
	at io.cucumber.java.Invoker.doInvoke(Invoker.java:66)
	at io.cucumber.java.Invoker.invoke(Invoker.java:24)
	at io.cucumber.java.AbstractGlueDefinition.invokeMethod(AbstractGlueDefinition.java:47)
	at io.cucumber.java.JavaStepDefinition.execute(JavaStepDefinition.java:29)
	at io.cucumber.core.runner.CoreStepDefinition.execute(CoreStepDefinition.java:66)
	at io.cucumber.core.runner.PickleStepDefinitionMatch.runStep(PickleStepDefinitionMatch.java:63)
	at io.cucumber.core.runner.ExecutionMode$1.execute(ExecutionMode.java:10)
	at io.cucumber.core.runner.TestStep.executeStep(TestStep.java:92)
	at io.cucumber.core.runner.TestStep.run(TestStep.java:64)
	at io.cucumber.core.runner.PickleStepTestStep.run(PickleStepTestStep.java:51)
	at io.cucumber.core.runner.TestCase.run(TestCase.java:104)
	at io.cucumber.core.runner.Runner.runPickle(Runner.java:71)
	at io.cucumber.junit.PickleRunners$NoStepDescriptions.run(PickleRunners.java:151)
	at io.cucumber.junit.FeatureRunner.runChild(FeatureRunner.java:135)
	at io.cucumber.junit.FeatureRunner.runChild(FeatureRunner.java:27)
	at org.junit.runners.ParentRunner$4.run(ParentRunner.java:331)
	at org.junit.runners.ParentRunner$1.schedule(ParentRunner.java:79)
	at org.junit.runners.ParentRunner.runChildren(ParentRunner.java:329)
	at org.junit.runners.ParentRunner.access$100(ParentRunner.java:66)
	at org.junit.runners.ParentRunner$2.evaluate(ParentRunner.java:293)
	at org.junit.runners.ParentRunner$3.evaluate(ParentRunner.java:306)
	at org.junit.runners.ParentRunner.run(ParentRunner.java:413)
	at io.cucumber.junit.Cucumber.runChild(Cucumber.java:199)
	at io.cucumber.junit.Cucumber.runChild(Cucumber.java:90)
	at org.junit.runners.ParentRunner$4.run(ParentRunner.java:331)
	at org.junit.runners.ParentRunner$1.schedule(ParentRunner.java:79)
	at org.junit.runners.ParentRunner.runChildren(ParentRunner.java:329)
	at org.junit.runners.ParentRunner.access$100(ParentRunner.java:66)
	at org.junit.runners.ParentRunner$2.evaluate(ParentRunner.java:293)
	at io.cucumber.junit.Cucumber$RunCucumber.evaluate(Cucumber.java:234)
	at org.junit.runners.ParentRunner$3.evaluate(ParentRunner.java:306)
	at org.junit.runners.ParentRunner.run(ParentRunner.java:413)
	at org.junit.runner.JUnitCore.run(JUnitCore.java:137)
	at com.intellij.junit4.JUnit4IdeaTestRunner.startRunnerWithArgs(JUnit4IdeaTestRunner.java:69)
	at com.intellij.rt.junit.IdeaTestRunner$Repeater.startRunnerWithArgs(IdeaTestRunner.java:33)
	at com.intellij.rt.junit.JUnitStarter.prepareStreamsAndStart(JUnitStarter.java:220)
	at com.intellij.rt.junit.JUnitStarter.main(JUnitStarter.java:53)

  When I click on Magenta for Business                             # stepDefinitions.TMobilePageStepDefinitions.i_click_on_magenta_for_business()
  Then I verify Magenta for Business is appear properly            # stepDefinitions.TMobilePageStepDefinitions.i_verify_magenta_for_business_is_appear_properly()
      org.openqa.selenium.NoSuchSessionException: Session ID is null. Using WebDriver after calling quit()?
Build info: version: '3.141.59', revision: 'e82be7d358', time: '2018-11-14T08:17:03'
System info: host: 'DESKTOP-UEN12UN', ip: '192.168.191.1', os.name: 'Windows 10', os.arch: 'amd64', os.version: '10.0', java.version: '15'
Driver info: driver.version: RemoteWebDriver
	at org.openqa.selenium.remote.HttpCommandExecutor.execute(HttpCommandExecutor.java:125)
	at org.openqa.selenium.remote.service.DriverCommandExecutor.execute(DriverCommandExecutor.java:83)
	at org.openqa.selenium.remote.RemoteWebDriver.execute(RemoteWebDriver.java:552)
	at org.openqa.selenium.remote.RemoteWebDriver.execute(RemoteWebDriver.java:609)
	at org.openqa.selenium.remote.RemoteWebDriver.getScreenshotAs(RemoteWebDriver.java:295)
	at stepDefinitions.TMobilePageStepDefinitions.tearDown(TMobilePageStepDefinitions.java:30)


@Test
Scenario: T-Mobile hover functionality check with valid credential # src/test/java/features/TMobileHomePage.feature:145
  Given I am at T-Mobile And business Home Page                    # stepDefinitions.TMobilePageStepDefinitions.i_am_at_t_mobile_and_business_home_page()
  And I hover on coverage                                          # stepDefinitions.TMobilePageStepDefinitions.i_hover_on_coverage()
  When I click on International Coverage                           # stepDefinitions.TMobilePageStepDefinitions.i_click_on_international_coverage()
  Then I verify Keep your team covered internationally is appear   # stepDefinitions.TMobilePageStepDefinitions.i_verify_keep_your_team_covered_internationally_is_appear()

@Test
Scenario: T-Mobile hover functionality check with valid credential   # src/test/java/features/TMobileHomePage.feature:152
  Given I am at T-Mobile And business Home Page                      # stepDefinitions.TMobilePageStepDefinitions.i_am_at_t_mobile_and_business_home_page()
  And I hover Coverage                                               # stepDefinitions.TMobilePageStepDefinitions.i_hover_coverage()
  When I click on 5G coverage map                                    # stepDefinitions.TMobilePageStepDefinitions.i_click_on_5g_coverage_map()
  Then I verify We’re transforming wireless for government is appear # stepDefinitions.TMobilePageStepDefinitions.iVerifyWeReTransformingWirelessForGovernmentIsAppear()
